# JRE version: Java(TM) SE Runtime Environment (8.0_121-b13) (build 1.8.0_121-b13)
# Java VM: Java HotSpot(TM) 64-Bit Server VM (25.121-b13 mixed mode windows-amd64 compressed oops)
Heap:
 PSYoungGen      total 124416K, used 77397K [0x00000000d5580000, 0x00000000ddc80000, 0x0000000100000000)
  eden space 112640K, 61% used [0x00000000d5580000,0x00000000d9934590,0x00000000dc380000)
  from space 11776K, 68% used [0x00000000dcf00000,0x00000000dd6e1168,0x00000000dda80000)
  to   space 11776K, 0% used [0x00000000dc380000,0x00000000dc380000,0x00000000dcf00000)
 ParOldGen       total 90624K, used 14449K [0x0000000080000000, 0x0000000085880000, 0x00000000d5580000)
  object space 90624K, 15% used [0x0000000080000000,0x0000000080e1c698,0x0000000085880000)
 Metaspace       used 45830K, capacity 47646K, committed 48000K, reserved 1091584K
  class space    used 6340K, capacity 6705K, committed 6784K, reserved 1048576K
GC Heap History (10 events):
Event: 8.325 GC heap before
{Heap before GC invocations=6 (full 1):
 PSYoungGen      total 76288K, used 65536K [0x00000000d5580000, 0x00000000daa80000, 0x0000000100000000)
  eden space 65536K, 100% used [0x00000000d5580000,0x00000000d9580000,0x00000000d9580000)
  from space 10752K, 0% used [0x00000000da000000,0x00000000da000000,0x00000000daa80000)
  to   space 10752K, 0% used [0x00000000d9580000,0x00000000d9580000,0x00000000da000000)
 ParOldGen       total 90624K, used 7201K [0x0000000080000000, 0x0000000085880000, 0x00000000d5580000)
  object space 90624K, 7% used [0x0000000080000000,0x0000000080708748,0x0000000085880000)
 Metaspace       used 28627K, capacity 29458K, committed 29696K, reserved 1075200K
  class space    used 4059K, capacity 4283K, committed 4352K, reserved 1048576K
Event: 8.333 GC heap after
Heap after GC invocations=6 (full 1):
 PSYoungGen      total 76288K, used 8335K [0x00000000d5580000, 0x00000000dda80000, 0x0000000100000000)
  eden space 65536K, 0% used [0x00000000d5580000,0x00000000d5580000,0x00000000d9580000)
  from space 10752K, 77% used [0x00000000d9580000,0x00000000d9da3ea0,0x00000000da000000)
  to   space 11776K, 0% used [0x00000000dcf00000,0x00000000dcf00000,0x00000000dda80000)
 ParOldGen       total 90624K, used 7209K [0x0000000080000000, 0x0000000085880000, 0x00000000d5580000)
  object space 90624K, 7% used [0x0000000080000000,0x000000008070a748,0x0000000085880000)
 Metaspace       used 28627K, capacity 29458K, committed 29696K, reserved 1075200K
  class space    used 4059K, capacity 4283K, committed 4352K, reserved 1048576K
}
Event: 9.078 GC heap before
{Heap before GC invocations=7 (full 1):
 PSYoungGen      total 76288K, used 73871K [0x00000000d5580000, 0x00000000dda80000, 0x0000000100000000)
  eden space 65536K, 100% used [0x00000000d5580000,0x00000000d9580000,0x00000000d9580000)
  from space 10752K, 77% used [0x00000000d9580000,0x00000000d9da3ea0,0x00000000da000000)
  to   space 11776K, 0% used [0x00000000dcf00000,0x00000000dcf00000,0x00000000dda80000)
 ParOldGen       total 90624K, used 7209K [0x0000000080000000, 0x0000000085880000, 0x00000000d5580000)
  object space 90624K, 7% used [0x0000000080000000,0x000000008070a748,0x0000000085880000)
 Metaspace       used 32841K, capacity 33874K, committed 34048K, reserved 1079296K
  class space    used 4595K, capacity 4845K, committed 4864K, reserved 1048576K
Event: 9.100 GC heap after
Heap after GC invocations=7 (full 1):
 PSYoungGen      total 124416K, used 9095K [0x00000000d5580000, 0x00000000ddc80000, 0x0000000100000000)
  eden space 112640K, 0% used [0x00000000d5580000,0x00000000d5580000,0x00000000dc380000)
  from space 11776K, 77% used [0x00000000dcf00000,0x00000000dd7e1c70,0x00000000dda80000)
  to   space 11776K, 0% used [0x00000000dc380000,0x00000000dc380000,0x00000000dcf00000)
 ParOldGen       total 90624K, used 7217K [0x0000000080000000, 0x0000000085880000, 0x00000000d5580000)
  object space 90624K, 7% used [0x0000000080000000,0x000000008070c748,0x0000000085880000)
 Metaspace       used 32841K, capacity 33874K, committed 34048K, reserved 1079296K
  class space    used 4595K, capacity 4845K, committed 4864K, reserved 1048576K
}
Event: 9.384 GC heap before
{Heap before GC invocations=8 (full 1):
 PSYoungGen      total 124416K, used 39621K [0x00000000d5580000, 0x00000000ddc80000, 0x0000000100000000)
  eden space 112640K, 27% used [0x00000000d5580000,0x00000000d734f9d8,0x00000000dc380000)
  from space 11776K, 77% used [0x00000000dcf00000,0x00000000dd7e1c70,0x00000000dda80000)
  to   space 11776K, 0% used [0x00000000dc380000,0x00000000dc380000,0x00000000dcf00000)
 ParOldGen       total 90624K, used 7217K [0x0000000080000000, 0x0000000085880000, 0x00000000d5580000)
  object space 90624K, 7% used [0x0000000080000000,0x000000008070c748,0x0000000085880000)
 Metaspace       used 34290K, capacity 35422K, committed 35496K, reserved 1079296K
  class space    used 4833K, capacity 5096K, committed 5120K, reserved 1048576K
Event: 9.404 GC heap after
Heap after GC invocations=8 (full 1):
 PSYoungGen      total 124416K, used 7990K [0x00000000d5580000, 0x00000000ddc80000, 0x0000000100000000)
  eden space 112640K, 0% used [0x00000000d5580000,0x00000000d5580000,0x00000000dc380000)
  from space 11776K, 67% used [0x00000000dc380000,0x00000000dcb4db38,0x00000000dcf00000)
  to   space 11776K, 0% used [0x00000000dcf00000,0x00000000dcf00000,0x00000000dda80000)
 ParOldGen       total 90624K, used 7225K [0x0000000080000000, 0x0000000085880000, 0x00000000d5580000)
  object space 90624K, 7% used [0x0000000080000000,0x000000008070e748,0x0000000085880000)
 Metaspace       used 34290K, capacity 35422K, committed 35496K, reserved 1079296K
  class space    used 4833K, capacity 5096K, committed 5120K, reserved 1048576K
}
Event: 9.404 GC heap before
{Heap before GC invocations=9 (full 2):
 PSYoungGen      total 124416K, used 7990K [0x00000000d5580000, 0x00000000ddc80000, 0x0000000100000000)
  eden space 112640K, 0% used [0x00000000d5580000,0x00000000d5580000,0x00000000dc380000)
  from space 11776K, 67% used [0x00000000dc380000,0x00000000dcb4db38,0x00000000dcf00000)
  to   space 11776K, 0% used [0x00000000dcf00000,0x00000000dcf00000,0x00000000dda80000)
 ParOldGen       total 90624K, used 7225K [0x0000000080000000, 0x0000000085880000, 0x00000000d5580000)
  object space 90624K, 7% used [0x0000000080000000,0x000000008070e748,0x0000000085880000)
 Metaspace       used 34290K, capacity 35422K, committed 35496K, reserved 1079296K
  class space    used 4833K, capacity 5096K, committed 5120K, reserved 1048576K
Event: 9.497 GC heap after
Heap after GC invocations=9 (full 2):
 PSYoungGen      total 124416K, used 0K [0x00000000d5580000, 0x00000000ddc80000, 0x0000000100000000)
  eden space 112640K, 0% used [0x00000000d5580000,0x00000000d5580000,0x00000000dc380000)
  from space 11776K, 0% used [0x00000000dc380000,0x00000000dc380000,0x00000000dcf00000)
  to   space 11776K, 0% used [0x00000000dcf00000,0x00000000dcf00000,0x00000000dda80000)
 ParOldGen       total 90624K, used 14441K [0x0000000080000000, 0x0000000085880000, 0x00000000d5580000)
  object space 90624K, 15% used [0x0000000080000000,0x0000000080e1a698,0x0000000085880000)
 Metaspace       used 34290K, capacity 35422K, committed 35496K, reserved 1079296K
  class space    used 4833K, capacity 5096K, committed 5120K, reserved 1048576K
}
Event: 10.844 GC heap before
{Heap before GC invocations=10 (full 2):
 PSYoungGen      total 124416K, used 112640K [0x00000000d5580000, 0x00000000ddc80000, 0x0000000100000000)
  eden space 112640K, 100% used [0x00000000d5580000,0x00000000dc380000,0x00000000dc380000)
  from space 11776K, 0% used [0x00000000dc380000,0x00000000dc380000,0x00000000dcf00000)
  to   space 11776K, 0% used [0x00000000dcf00000,0x00000000dcf00000,0x00000000dda80000)
 ParOldGen       total 90624K, used 14441K [0x0000000080000000, 0x0000000085880000, 0x00000000d5580000)
  object space 90624K, 15% used [0x0000000080000000,0x0000000080e1a698,0x0000000085880000)
 Metaspace       used 38228K, capacity 39916K, committed 40064K, reserved 1083392K
  class space    used 5389K, capacity 5736K, committed 5760K, reserved 1048576K
Event: 10.863 GC heap after
Heap after GC invocations=10 (full 2):
 PSYoungGen      total 124416K, used 8068K [0x00000000d5580000, 0x00000000ddc80000, 0x0000000100000000)
  eden space 112640K, 0% used [0x00000000d5580000,0x00000000d5580000,0x00000000dc380000)
  from space 11776K, 68% used [0x00000000dcf00000,0x00000000dd6e1168,0x00000000dda80000)
  to   space 11776K, 0% used [0x00000000dc380000,0x00000000dc380000,0x00000000dcf00000)
 ParOldGen       total 90624K, used 14449K [0x0000000080000000, 0x0000000085880000, 0x00000000d5580000)
  object space 90624K, 15% used [0x0000000080000000,0x0000000080e1c698,0x0000000085880000)
 Metaspace       used 38228K, capacity 39916K, committed 40064K, reserved 1083392K
  class space    used 5389K, capacity 5736K, committed 5760K, reserved 1048576K
}

