# JRE version: Java(TM) SE Runtime Environment (8.0_121-b13) (build 1.8.0_121-b13)
# Java VM: Java HotSpot(TM) 64-Bit Server VM (25.121-b13 mixed mode windows-amd64 compressed oops)
Heap:
 PSYoungGen      total 76288K, used 51419K [0x00000000d5580000, 0x00000000daa80000, 0x0000000100000000)
  eden space 65536K, 64% used [0x00000000d5580000,0x00000000d7efc0d0,0x00000000d9580000)
  from space 10752K, 83% used [0x00000000da000000,0x00000000da8bae48,0x00000000daa80000)
  to   space 10752K, 0% used [0x00000000d9580000,0x00000000d9580000,0x00000000da000000)
 ParOldGen       total 175104K, used 16K [0x0000000080000000, 0x000000008ab00000, 0x00000000d5580000)
  object space 175104K, 0% used [0x0000000080000000,0x0000000080004000,0x000000008ab00000)
 Metaspace       used 17848K, capacity 18436K, committed 18688K, reserved 1064960K
  class space    used 2512K, capacity 2702K, committed 2816K, reserved 1048576K
GC Heap History (4 events):
Event: 1.514 GC heap before
{Heap before GC invocations=1 (full 0):
 PSYoungGen      total 76288K, used 65536K [0x00000000d5580000, 0x00000000daa80000, 0x0000000100000000)
  eden space 65536K, 100% used [0x00000000d5580000,0x00000000d9580000,0x00000000d9580000)
  from space 10752K, 0% used [0x00000000da000000,0x00000000da000000,0x00000000daa80000)
  to   space 10752K, 0% used [0x00000000d9580000,0x00000000d9580000,0x00000000da000000)
 ParOldGen       total 175104K, used 0K [0x0000000080000000, 0x000000008ab00000, 0x00000000d5580000)
  object space 175104K, 0% used [0x0000000080000000,0x0000000080000000,0x000000008ab00000)
 Metaspace       used 7259K, capacity 7484K, committed 7680K, reserved 1056768K
  class space    used 917K, capacity 1004K, committed 1024K, reserved 1048576K
Event: 1.523 GC heap after
Heap after GC invocations=1 (full 0):
 PSYoungGen      total 76288K, used 5655K [0x00000000d5580000, 0x00000000daa80000, 0x0000000100000000)
  eden space 65536K, 0% used [0x00000000d5580000,0x00000000d5580000,0x00000000d9580000)
  from space 10752K, 52% used [0x00000000d9580000,0x00000000d9b05eb8,0x00000000da000000)
  to   space 10752K, 0% used [0x00000000da000000,0x00000000da000000,0x00000000daa80000)
 ParOldGen       total 175104K, used 8K [0x0000000080000000, 0x000000008ab00000, 0x00000000d5580000)
  object space 175104K, 0% used [0x0000000080000000,0x0000000080002000,0x000000008ab00000)
 Metaspace       used 7259K, capacity 7484K, committed 7680K, reserved 1056768K
  class space    used 917K, capacity 1004K, committed 1024K, reserved 1048576K
}
Event: 5.643 GC heap before
{Heap before GC invocations=2 (full 0):
 PSYoungGen      total 76288K, used 71191K [0x00000000d5580000, 0x00000000daa80000, 0x0000000100000000)
  eden space 65536K, 100% used [0x00000000d5580000,0x00000000d9580000,0x00000000d9580000)
  from space 10752K, 52% used [0x00000000d9580000,0x00000000d9b05eb8,0x00000000da000000)
  to   space 10752K, 0% used [0x00000000da000000,0x00000000da000000,0x00000000daa80000)
 ParOldGen       total 175104K, used 8K [0x0000000080000000, 0x000000008ab00000, 0x00000000d5580000)
  object space 175104K, 0% used [0x0000000080000000,0x0000000080002000,0x000000008ab00000)
 Metaspace       used 14205K, capacity 14670K, committed 14720K, reserved 1062912K
  class space    used 2004K, capacity 2151K, committed 2176K, reserved 1048576K
Event: 5.658 GC heap after
Heap after GC invocations=2 (full 0):
 PSYoungGen      total 76288K, used 8939K [0x00000000d5580000, 0x00000000daa80000, 0x0000000100000000)
  eden space 65536K, 0% used [0x00000000d5580000,0x00000000d5580000,0x00000000d9580000)
  from space 10752K, 83% used [0x00000000da000000,0x00000000da8bae48,0x00000000daa80000)
  to   space 10752K, 0% used [0x00000000d9580000,0x00000000d9580000,0x00000000da000000)
 ParOldGen       total 175104K, used 16K [0x0000000080000000, 0x000000008ab00000, 0x00000000d5580000)
  object space 175104K, 0% used [0x0000000080000000,0x0000000080004000,0x000000008ab00000)
 Metaspace       used 14205K, capacity 14670K, committed 14720K, reserved 1062912K
  class space    used 2004K, capacity 2151K, committed 2176K, reserved 1048576K
}

