# JRE version: Java(TM) SE Runtime Environment (8.0_121-b13) (build 1.8.0_121-b13)
# Java VM: Java HotSpot(TM) 64-Bit Server VM (25.121-b13 mixed mode windows-amd64 compressed oops)
Heap:
 PSYoungGen      total 156672K, used 80425K [0x00000000d5580000, 0x00000000e0480000, 0x0000000100000000)
  eden space 145408K, 47% used [0x00000000d5580000,0x00000000d990f6e8,0x00000000de380000)
  from space 11264K, 99% used [0x00000000dee80000,0x00000000df97b090,0x00000000df980000)
  to   space 7168K, 0% used [0x00000000dfd80000,0x00000000dfd80000,0x00000000e0480000)
 ParOldGen       total 155648K, used 37620K [0x0000000080000000, 0x0000000089800000, 0x00000000d5580000)
  object space 155648K, 24% used [0x0000000080000000,0x00000000824bd078,0x0000000089800000)
 Metaspace       used 65578K, capacity 68630K, committed 68736K, reserved 1107968K
  class space    used 9218K, capacity 9781K, committed 9856K, reserved 1048576K
GC Heap History (10 events):
Event: 13.844 GC heap before
{Heap before GC invocations=10 (full 2):
 PSYoungGen      total 113152K, used 101376K [0x00000000d5580000, 0x00000000e0880000, 0x0000000100000000)
  eden space 101376K, 100% used [0x00000000d5580000,0x00000000db880000,0x00000000db880000)
  from space 11776K, 0% used [0x00000000db880000,0x00000000db880000,0x00000000dc400000)
  to   space 11264K, 0% used [0x00000000dfd80000,0x00000000dfd80000,0x00000000e0880000)
 ParOldGen       total 155648K, used 14532K [0x0000000080000000, 0x0000000089800000, 0x00000000d5580000)
  object space 155648K, 9% used [0x0000000080000000,0x0000000080e31100,0x0000000089800000)
 Metaspace       used 37587K, capacity 39242K, committed 39552K, reserved 1083392K
  class space    used 5303K, capacity 5635K, committed 5760K, reserved 1048576K
Event: 13.863 GC heap after
Heap after GC invocations=10 (full 2):
 PSYoungGen      total 152576K, used 7032K [0x00000000d5580000, 0x00000000e0480000, 0x0000000100000000)
  eden space 145408K, 0% used [0x00000000d5580000,0x00000000d5580000,0x00000000de380000)
  from space 7168K, 98% used [0x00000000dfd80000,0x00000000e045e0b0,0x00000000e0480000)
  to   space 11264K, 0% used [0x00000000dee80000,0x00000000dee80000,0x00000000df980000)
 ParOldGen       total 155648K, used 14540K [0x0000000080000000, 0x0000000089800000, 0x00000000d5580000)
  object space 155648K, 9% used [0x0000000080000000,0x0000000080e33100,0x0000000089800000)
 Metaspace       used 37587K, capacity 39242K, committed 39552K, reserved 1083392K
  class space    used 5303K, capacity 5635K, committed 5760K, reserved 1048576K
}
Event: 18.114 GC heap before
{Heap before GC invocations=11 (full 2):
 PSYoungGen      total 152576K, used 152440K [0x00000000d5580000, 0x00000000e0480000, 0x0000000100000000)
  eden space 145408K, 100% used [0x00000000d5580000,0x00000000de380000,0x00000000de380000)
  from space 7168K, 98% used [0x00000000dfd80000,0x00000000e045e0b0,0x00000000e0480000)
  to   space 11264K, 0% used [0x00000000dee80000,0x00000000dee80000,0x00000000df980000)
 ParOldGen       total 155648K, used 14540K [0x0000000080000000, 0x0000000089800000, 0x00000000d5580000)
  object space 155648K, 9% used [0x0000000080000000,0x0000000080e33100,0x0000000089800000)
 Metaspace       used 51076K, capacity 53130K, committed 53376K, reserved 1095680K
  class space    used 6998K, capacity 7439K, committed 7552K, reserved 1048576K
Event: 18.151 GC heap after
Heap after GC invocations=11 (full 2):
 PSYoungGen      total 156672K, used 11244K [0x00000000d5580000, 0x00000000e0480000, 0x0000000100000000)
  eden space 145408K, 0% used [0x00000000d5580000,0x00000000d5580000,0x00000000de380000)
  from space 11264K, 99% used [0x00000000dee80000,0x00000000df97b310,0x00000000df980000)
  to   space 7168K, 0% used [0x00000000dfd80000,0x00000000dfd80000,0x00000000e0480000)
 ParOldGen       total 155648K, used 25462K [0x0000000080000000, 0x0000000089800000, 0x00000000d5580000)
  object space 155648K, 16% used [0x0000000080000000,0x00000000818ddb10,0x0000000089800000)
 Metaspace       used 51076K, capacity 53130K, committed 53376K, reserved 1095680K
  class space    used 6998K, capacity 7439K, committed 7552K, reserved 1048576K
}
Event: 20.072 GC heap before
{Heap before GC invocations=12 (full 2):
 PSYoungGen      total 156672K, used 102027K [0x00000000d5580000, 0x00000000e0480000, 0x0000000100000000)
  eden space 145408K, 62% used [0x00000000d5580000,0x00000000dae27948,0x00000000de380000)
  from space 11264K, 99% used [0x00000000dee80000,0x00000000df97b310,0x00000000df980000)
  to   space 7168K, 0% used [0x00000000dfd80000,0x00000000dfd80000,0x00000000e0480000)
 ParOldGen       total 155648K, used 25462K [0x0000000080000000, 0x0000000089800000, 0x00000000d5580000)
  object space 155648K, 16% used [0x0000000080000000,0x00000000818ddb10,0x0000000089800000)
 Metaspace       used 56806K, capacity 59068K, committed 59136K, reserved 1099776K
  class space    used 7948K, capacity 8420K, committed 8448K, reserved 1048576K
Event: 20.106 GC heap after
Heap after GC invocations=12 (full 2):
 PSYoungGen      total 152576K, used 7152K [0x00000000d5580000, 0x00000000e0480000, 0x0000000100000000)
  eden space 145408K, 0% used [0x00000000d5580000,0x00000000d5580000,0x00000000de380000)
  from space 7168K, 99% used [0x00000000dfd80000,0x00000000e047c030,0x00000000e0480000)
  to   space 11264K, 0% used [0x00000000dee80000,0x00000000dee80000,0x00000000df980000)
 ParOldGen       total 155648K, used 39570K [0x0000000080000000, 0x0000000089800000, 0x00000000d5580000)
  object space 155648K, 25% used [0x0000000080000000,0x00000000826a4a78,0x0000000089800000)
 Metaspace       used 56806K, capacity 59068K, committed 59136K, reserved 1099776K
  class space    used 7948K, capacity 8420K, committed 8448K, reserved 1048576K
}
Event: 20.107 GC heap before
{Heap before GC invocations=13 (full 3):
 PSYoungGen      total 152576K, used 7152K [0x00000000d5580000, 0x00000000e0480000, 0x0000000100000000)
  eden space 145408K, 0% used [0x00000000d5580000,0x00000000d5580000,0x00000000de380000)
  from space 7168K, 99% used [0x00000000dfd80000,0x00000000e047c030,0x00000000e0480000)
  to   space 11264K, 0% used [0x00000000dee80000,0x00000000dee80000,0x00000000df980000)
 ParOldGen       total 155648K, used 39570K [0x0000000080000000, 0x0000000089800000, 0x00000000d5580000)
  object space 155648K, 25% used [0x0000000080000000,0x00000000826a4a78,0x0000000089800000)
 Metaspace       used 56806K, capacity 59068K, committed 59136K, reserved 1099776K
  class space    used 7948K, capacity 8420K, committed 8448K, reserved 1048576K
Event: 20.454 GC heap after
Heap after GC invocations=13 (full 3):
 PSYoungGen      total 152576K, used 0K [0x00000000d5580000, 0x00000000e0480000, 0x0000000100000000)
  eden space 145408K, 0% used [0x00000000d5580000,0x00000000d5580000,0x00000000de380000)
  from space 7168K, 0% used [0x00000000dfd80000,0x00000000dfd80000,0x00000000e0480000)
  to   space 11264K, 0% used [0x00000000dee80000,0x00000000dee80000,0x00000000df980000)
 ParOldGen       total 155648K, used 35397K [0x0000000080000000, 0x0000000089800000, 0x00000000d5580000)
  object space 155648K, 22% used [0x0000000080000000,0x00000000822917f8,0x0000000089800000)
 Metaspace       used 56787K, capacity 59002K, committed 59136K, reserved 1099776K
  class space    used 7942K, capacity 8409K, committed 8448K, reserved 1048576K
}
Event: 26.048 GC heap before
{Heap before GC invocations=14 (full 3):
 PSYoungGen      total 152576K, used 145408K [0x00000000d5580000, 0x00000000e0480000, 0x0000000100000000)
  eden space 145408K, 100% used [0x00000000d5580000,0x00000000de380000,0x00000000de380000)
  from space 7168K, 0% used [0x00000000dfd80000,0x00000000dfd80000,0x00000000e0480000)
  to   space 11264K, 0% used [0x00000000dee80000,0x00000000dee80000,0x00000000df980000)
 ParOldGen       total 155648K, used 35397K [0x0000000080000000, 0x0000000089800000, 0x00000000d5580000)
  object space 155648K, 22% used [0x0000000080000000,0x00000000822917f8,0x0000000089800000)
 Metaspace       used 63809K, capacity 66696K, committed 66944K, reserved 1105920K
  class space    used 9029K, capacity 9574K, committed 9600K, reserved 1048576K
Event: 26.063 GC heap after
Heap after GC invocations=14 (full 3):
 PSYoungGen      total 156672K, used 11244K [0x00000000d5580000, 0x00000000e0480000, 0x0000000100000000)
  eden space 145408K, 0% used [0x00000000d5580000,0x00000000d5580000,0x00000000de380000)
  from space 11264K, 99% used [0x00000000dee80000,0x00000000df97b090,0x00000000df980000)
  to   space 7168K, 0% used [0x00000000dfd80000,0x00000000dfd80000,0x00000000e0480000)
 ParOldGen       total 155648K, used 37620K [0x0000000080000000, 0x0000000089800000, 0x00000000d5580000)
  object space 155648K, 24% used [0x0000000080000000,0x00000000824bd078,0x0000000089800000)
 Metaspace       used 63809K, capacity 66696K, committed 66944K, reserved 1105920K
  class space    used 9029K, capacity 9574K, committed 9600K, reserved 1048576K
}

