# JRE version: Java(TM) SE Runtime Environment (8.0_121-b13) (build 1.8.0_121-b13)
# Java VM: Java HotSpot(TM) 64-Bit Server VM (25.121-b13 mixed mode windows-amd64 compressed oops)
Heap:
 PSYoungGen      total 158720K, used 87375K [0x00000000d5580000, 0x00000000e2180000, 0x0000000100000000)
  eden space 147456K, 51% used [0x00000000d5580000,0x00000000d9fd4a58,0x00000000de580000)
  from space 11264K, 99% used [0x00000000de580000,0x00000000df07f340,0x00000000df080000)
  to   space 16384K, 0% used [0x00000000e1180000,0x00000000e1180000,0x00000000e2180000)
 ParOldGen       total 158720K, used 24972K [0x0000000080000000, 0x0000000089b00000, 0x00000000d5580000)
  object space 158720K, 15% used [0x0000000080000000,0x0000000081863390,0x0000000089b00000)
 Metaspace       used 55775K, capacity 57942K, committed 58240K, reserved 1099776K
  class space    used 7754K, capacity 8201K, committed 8320K, reserved 1048576K
GC Heap History (10 events):
Event: 14.197 GC heap before
{Heap before GC invocations=7 (full 1):
 PSYoungGen      total 76288K, used 73799K [0x00000000d5580000, 0x00000000dcd80000, 0x0000000100000000)
  eden space 65536K, 100% used [0x00000000d5580000,0x00000000d9580000,0x00000000d9580000)
  from space 10752K, 76% used [0x00000000d9580000,0x00000000d9d91e60,0x00000000da000000)
  to   space 11776K, 0% used [0x00000000dc200000,0x00000000dc200000,0x00000000dcd80000)
 ParOldGen       total 102912K, used 7242K [0x0000000080000000, 0x0000000086480000, 0x00000000d5580000)
  object space 102912K, 7% used [0x0000000080000000,0x0000000080712ab8,0x0000000086480000)
 Metaspace       used 32845K, capacity 33886K, committed 34048K, reserved 1079296K
  class space    used 4593K, capacity 4845K, committed 4864K, reserved 1048576K
Event: 14.221 GC heap after
Heap after GC invocations=7 (full 1):
 PSYoungGen      total 107008K, used 9174K [0x00000000d5580000, 0x00000000dcb80000, 0x0000000100000000)
  eden space 97280K, 0% used [0x00000000d5580000,0x00000000d5580000,0x00000000db480000)
  from space 9728K, 94% used [0x00000000dc200000,0x00000000dcaf5b80,0x00000000dcb80000)
  to   space 11776K, 0% used [0x00000000db480000,0x00000000db480000,0x00000000dc000000)
 ParOldGen       total 102912K, used 7250K [0x0000000080000000, 0x0000000086480000, 0x00000000d5580000)
  object space 102912K, 7% used [0x0000000080000000,0x0000000080714ab8,0x0000000086480000)
 Metaspace       used 32845K, capacity 33886K, committed 34048K, reserved 1079296K
  class space    used 4593K, capacity 4845K, committed 4864K, reserved 1048576K
}
Event: 15.209 GC heap before
{Heap before GC invocations=8 (full 1):
 PSYoungGen      total 107008K, used 39414K [0x00000000d5580000, 0x00000000dcb80000, 0x0000000100000000)
  eden space 97280K, 31% used [0x00000000d5580000,0x00000000d7307c90,0x00000000db480000)
  from space 9728K, 94% used [0x00000000dc200000,0x00000000dcaf5b80,0x00000000dcb80000)
  to   space 11776K, 0% used [0x00000000db480000,0x00000000db480000,0x00000000dc000000)
 ParOldGen       total 102912K, used 7250K [0x0000000080000000, 0x0000000086480000, 0x00000000d5580000)
  object space 102912K, 7% used [0x0000000080000000,0x0000000080714ab8,0x0000000086480000)
 Metaspace       used 34318K, capacity 35438K, committed 35496K, reserved 1079296K
  class space    used 4837K, capacity 5096K, committed 5120K, reserved 1048576K
Event: 15.252 GC heap after
Heap after GC invocations=8 (full 1):
 PSYoungGen      total 109056K, used 8029K [0x00000000d5580000, 0x00000000dff80000, 0x0000000100000000)
  eden space 97280K, 0% used [0x00000000d5580000,0x00000000d5580000,0x00000000db480000)
  from space 11776K, 68% used [0x00000000db480000,0x00000000dbc57778,0x00000000dc000000)
  to   space 11264K, 0% used [0x00000000df480000,0x00000000df480000,0x00000000dff80000)
 ParOldGen       total 102912K, used 7258K [0x0000000080000000, 0x0000000086480000, 0x00000000d5580000)
  object space 102912K, 7% used [0x0000000080000000,0x0000000080716ab8,0x0000000086480000)
 Metaspace       used 34318K, capacity 35438K, committed 35496K, reserved 1079296K
  class space    used 4837K, capacity 5096K, committed 5120K, reserved 1048576K
}
Event: 15.252 GC heap before
{Heap before GC invocations=9 (full 2):
 PSYoungGen      total 109056K, used 8029K [0x00000000d5580000, 0x00000000dff80000, 0x0000000100000000)
  eden space 97280K, 0% used [0x00000000d5580000,0x00000000d5580000,0x00000000db480000)
  from space 11776K, 68% used [0x00000000db480000,0x00000000dbc57778,0x00000000dc000000)
  to   space 11264K, 0% used [0x00000000df480000,0x00000000df480000,0x00000000dff80000)
 ParOldGen       total 102912K, used 7258K [0x0000000080000000, 0x0000000086480000, 0x00000000d5580000)
  object space 102912K, 7% used [0x0000000080000000,0x0000000080716ab8,0x0000000086480000)
 Metaspace       used 34318K, capacity 35438K, committed 35496K, reserved 1079296K
  class space    used 4837K, capacity 5096K, committed 5120K, reserved 1048576K
Event: 15.464 GC heap after
Heap after GC invocations=9 (full 2):
 PSYoungGen      total 109056K, used 0K [0x00000000d5580000, 0x00000000dff80000, 0x0000000100000000)
  eden space 97280K, 0% used [0x00000000d5580000,0x00000000d5580000,0x00000000db480000)
  from space 11776K, 0% used [0x00000000db480000,0x00000000db480000,0x00000000dc000000)
  to   space 11264K, 0% used [0x00000000df480000,0x00000000df480000,0x00000000dff80000)
 ParOldGen       total 158720K, used 14455K [0x0000000080000000, 0x0000000089b00000, 0x00000000d5580000)
  object space 158720K, 9% used [0x0000000080000000,0x0000000080e1ddf0,0x0000000089b00000)
 Metaspace       used 34318K, capacity 35438K, committed 35496K, reserved 1079296K
  class space    used 4837K, capacity 5096K, committed 5120K, reserved 1048576K
}
Event: 18.544 GC heap before
{Heap before GC invocations=10 (full 2):
 PSYoungGen      total 109056K, used 97280K [0x00000000d5580000, 0x00000000dff80000, 0x0000000100000000)
  eden space 97280K, 100% used [0x00000000d5580000,0x00000000db480000,0x00000000db480000)
  from space 11776K, 0% used [0x00000000db480000,0x00000000db480000,0x00000000dc000000)
  to   space 11264K, 0% used [0x00000000df480000,0x00000000df480000,0x00000000dff80000)
 ParOldGen       total 158720K, used 14455K [0x0000000080000000, 0x0000000089b00000, 0x00000000d5580000)
  object space 158720K, 9% used [0x0000000080000000,0x0000000080e1ddf0,0x0000000089b00000)
 Metaspace       used 37187K, capacity 38808K, committed 38912K, reserved 1083392K
  class space    used 5242K, capacity 5558K, committed 5632K, reserved 1048576K
Event: 18.566 GC heap after
Heap after GC invocations=10 (full 2):
 PSYoungGen      total 147968K, used 6727K [0x00000000d5580000, 0x00000000dfb80000, 0x0000000100000000)
  eden space 140800K, 0% used [0x00000000d5580000,0x00000000d5580000,0x00000000ddf00000)
  from space 7168K, 93% used [0x00000000df480000,0x00000000dfb11e78,0x00000000dfb80000)
  to   space 11264K, 0% used [0x00000000de580000,0x00000000de580000,0x00000000df080000)
 ParOldGen       total 158720K, used 14463K [0x0000000080000000, 0x0000000089b00000, 0x00000000d5580000)
  object space 158720K, 9% used [0x0000000080000000,0x0000000080e1fdf0,0x0000000089b00000)
 Metaspace       used 37187K, capacity 38808K, committed 38912K, reserved 1083392K
  class space    used 5242K, capacity 5558K, committed 5632K, reserved 1048576K
}
Event: 24.057 GC heap before
{Heap before GC invocations=11 (full 2):
 PSYoungGen      total 147968K, used 147527K [0x00000000d5580000, 0x00000000dfb80000, 0x0000000100000000)
  eden space 140800K, 100% used [0x00000000d5580000,0x00000000ddf00000,0x00000000ddf00000)
  from space 7168K, 93% used [0x00000000df480000,0x00000000dfb11e78,0x00000000dfb80000)
  to   space 11264K, 0% used [0x00000000de580000,0x00000000de580000,0x00000000df080000)
 ParOldGen       total 158720K, used 14463K [0x0000000080000000, 0x0000000089b00000, 0x00000000d5580000)
  object space 158720K, 9% used [0x0000000080000000,0x0000000080e1fdf0,0x0000000089b00000)
 Metaspace       used 51103K, capacity 52994K, committed 53248K, reserved 1095680K
  class space    used 6989K, capacity 7396K, committed 7424K, reserved 1048576K
Event: 24.116 GC heap after
Heap after GC invocations=11 (full 2):
 PSYoungGen      total 158720K, used 11260K [0x00000000d5580000, 0x00000000e2180000, 0x0000000100000000)
  eden space 147456K, 0% used [0x00000000d5580000,0x00000000d5580000,0x00000000de580000)
  from space 11264K, 99% used [0x00000000de580000,0x00000000df07f340,0x00000000df080000)
  to   space 16384K, 0% used [0x00000000e1180000,0x00000000e1180000,0x00000000e2180000)
 ParOldGen       total 158720K, used 24972K [0x0000000080000000, 0x0000000089b00000, 0x00000000d5580000)
  object space 158720K, 15% used [0x0000000080000000,0x0000000081863390,0x0000000089b00000)
 Metaspace       used 51103K, capacity 52994K, committed 53248K, reserved 1095680K
  class space    used 6989K, capacity 7396K, committed 7424K, reserved 1048576K
}

