# JRE version: Java(TM) SE Runtime Environment (8.0_121-b13) (build 1.8.0_121-b13)
# Java VM: Java HotSpot(TM) 64-Bit Server VM (25.121-b13 mixed mode windows-amd64 compressed oops)
Heap:
 PSYoungGen      total 654336K, used 328715K [0x00000000d5580000, 0x00000000ffd80000, 0x0000000100000000)
  eden space 613888K, 51% used [0x00000000d5580000,0x00000000e8c07400,0x00000000fad00000)
  from space 40448K, 26% used [0x00000000fd400000,0x00000000fde7bb08,0x00000000ffb80000)
  to   space 39936K, 0% used [0x00000000fad00000,0x00000000fad00000,0x00000000fd400000)
 ParOldGen       total 285696K, used 75958K [0x0000000080000000, 0x0000000091700000, 0x00000000d5580000)
  object space 285696K, 26% used [0x0000000080000000,0x0000000084a2dac0,0x0000000091700000)
 Metaspace       used 105254K, capacity 111087K, committed 111384K, reserved 1144832K
  class space    used 14215K, capacity 15325K, committed 15400K, reserved 1048576K
GC Heap History (10 events):
Event: 107.695 GC heap before
{Heap before GC invocations=18 (full 4):
 PSYoungGen      total 575488K, used 559528K [0x00000000d5580000, 0x0000000100000000, 0x0000000100000000)
  eden space 531968K, 100% used [0x00000000d5580000,0x00000000f5d00000,0x00000000f5d00000)
  from space 43520K, 63% used [0x00000000f5d00000,0x00000000f77ea160,0x00000000f8780000)
  to   space 44544K, 0% used [0x00000000fd480000,0x00000000fd480000,0x0000000100000000)
 ParOldGen       total 285696K, used 75926K [0x0000000080000000, 0x0000000091700000, 0x00000000d5580000)
  object space 285696K, 26% used [0x0000000080000000,0x0000000084a25ac0,0x0000000091700000)
 Metaspace       used 104915K, capacity 110753K, committed 110872K, reserved 1144832K
  class space    used 14206K, capacity 15318K, committed 15400K, reserved 1048576K
Event: 107.780 GC heap after
Heap after GC invocations=18 (full 4):
 PSYoungGen      total 653312K, used 29146K [0x00000000d5580000, 0x0000000100000000, 0x0000000100000000)
  eden space 608768K, 0% used [0x00000000d5580000,0x00000000d5580000,0x00000000fa800000)
  from space 44544K, 65% used [0x00000000fd480000,0x00000000ff0f68c8,0x0000000100000000)
  to   space 45056K, 0% used [0x00000000fa800000,0x00000000fa800000,0x00000000fd400000)
 ParOldGen       total 285696K, used 75926K [0x0000000080000000, 0x0000000091700000, 0x00000000d5580000)
  object space 285696K, 26% used [0x0000000080000000,0x0000000084a25ac0,0x0000000091700000)
 Metaspace       used 104915K, capacity 110753K, committed 110872K, reserved 1144832K
  class space    used 14206K, capacity 15318K, committed 15400K, reserved 1048576K
}
Event: 110.795 GC heap before
{Heap before GC invocations=19 (full 4):
 PSYoungGen      total 653312K, used 637914K [0x00000000d5580000, 0x0000000100000000, 0x0000000100000000)
  eden space 608768K, 100% used [0x00000000d5580000,0x00000000fa800000,0x00000000fa800000)
  from space 44544K, 65% used [0x00000000fd480000,0x00000000ff0f68c8,0x0000000100000000)
  to   space 45056K, 0% used [0x00000000fa800000,0x00000000fa800000,0x00000000fd400000)
 ParOldGen       total 285696K, used 75926K [0x0000000080000000, 0x0000000091700000, 0x00000000d5580000)
  object space 285696K, 26% used [0x0000000080000000,0x0000000084a25ac0,0x0000000091700000)
 Metaspace       used 105064K, capacity 110891K, committed 111128K, reserved 1144832K
  class space    used 14207K, capacity 15319K, committed 15400K, reserved 1048576K
Event: 110.822 GC heap after
Heap after GC invocations=19 (full 4):
 PSYoungGen      total 625152K, used 15907K [0x00000000d5580000, 0x00000000ffd80000, 0x0000000100000000)
  eden space 608768K, 0% used [0x00000000d5580000,0x00000000d5580000,0x00000000fa800000)
  from space 16384K, 97% used [0x00000000fa800000,0x00000000fb788c38,0x00000000fb800000)
  to   space 43520K, 0% used [0x00000000fd300000,0x00000000fd300000,0x00000000ffd80000)
 ParOldGen       total 285696K, used 75934K [0x0000000080000000, 0x0000000091700000, 0x00000000d5580000)
  object space 285696K, 26% used [0x0000000080000000,0x0000000084a27ac0,0x0000000091700000)
 Metaspace       used 105064K, capacity 110891K, committed 111128K, reserved 1144832K
  class space    used 14207K, capacity 15319K, committed 15400K, reserved 1048576K
}
Event: 113.858 GC heap before
{Heap before GC invocations=20 (full 4):
 PSYoungGen      total 625152K, used 624675K [0x00000000d5580000, 0x00000000ffd80000, 0x0000000100000000)
  eden space 608768K, 100% used [0x00000000d5580000,0x00000000fa800000,0x00000000fa800000)
  from space 16384K, 97% used [0x00000000fa800000,0x00000000fb788c38,0x00000000fb800000)
  to   space 43520K, 0% used [0x00000000fd300000,0x00000000fd300000,0x00000000ffd80000)
 ParOldGen       total 285696K, used 75934K [0x0000000080000000, 0x0000000091700000, 0x00000000d5580000)
  object space 285696K, 26% used [0x0000000080000000,0x0000000084a27ac0,0x0000000091700000)
 Metaspace       used 105141K, capacity 110925K, committed 111128K, reserved 1144832K
  class space    used 14212K, capacity 15324K, committed 15400K, reserved 1048576K
Event: 113.922 GC heap after
Heap after GC invocations=20 (full 4):
 PSYoungGen      total 654336K, used 17976K [0x00000000d5580000, 0x0000000100000000, 0x0000000100000000)
  eden space 610816K, 0% used [0x00000000d5580000,0x00000000d5580000,0x00000000faa00000)
  from space 43520K, 41% used [0x00000000fd300000,0x00000000fe48e258,0x00000000ffd80000)
  to   space 41984K, 0% used [0x00000000faa00000,0x00000000faa00000,0x00000000fd300000)
 ParOldGen       total 285696K, used 75942K [0x0000000080000000, 0x0000000091700000, 0x00000000d5580000)
  object space 285696K, 26% used [0x0000000080000000,0x0000000084a29ac0,0x0000000091700000)
 Metaspace       used 105141K, capacity 110925K, committed 111128K, reserved 1144832K
  class space    used 14212K, capacity 15324K, committed 15400K, reserved 1048576K
}
Event: 117.301 GC heap before
{Heap before GC invocations=21 (full 4):
 PSYoungGen      total 654336K, used 628792K [0x00000000d5580000, 0x0000000100000000, 0x0000000100000000)
  eden space 610816K, 100% used [0x00000000d5580000,0x00000000faa00000,0x00000000faa00000)
  from space 43520K, 41% used [0x00000000fd300000,0x00000000fe48e258,0x00000000ffd80000)
  to   space 41984K, 0% used [0x00000000faa00000,0x00000000faa00000,0x00000000fd300000)
 ParOldGen       total 285696K, used 75942K [0x0000000080000000, 0x0000000091700000, 0x00000000d5580000)
  object space 285696K, 26% used [0x0000000080000000,0x0000000084a29ac0,0x0000000091700000)
 Metaspace       used 105177K, capacity 110993K, committed 111128K, reserved 1144832K
  class space    used 14214K, capacity 15324K, committed 15400K, reserved 1048576K
Event: 117.344 GC heap after
Heap after GC invocations=21 (full 4):
 PSYoungGen      total 652800K, used 15949K [0x00000000d5580000, 0x00000000ffb80000, 0x0000000100000000)
  eden space 610816K, 0% used [0x00000000d5580000,0x00000000d5580000,0x00000000faa00000)
  from space 41984K, 37% used [0x00000000faa00000,0x00000000fb993570,0x00000000fd300000)
  to   space 40448K, 0% used [0x00000000fd400000,0x00000000fd400000,0x00000000ffb80000)
 ParOldGen       total 285696K, used 75950K [0x0000000080000000, 0x0000000091700000, 0x00000000d5580000)
  object space 285696K, 26% used [0x0000000080000000,0x0000000084a2bac0,0x0000000091700000)
 Metaspace       used 105177K, capacity 110993K, committed 111128K, reserved 1144832K
  class space    used 14214K, capacity 15324K, committed 15400K, reserved 1048576K
}
Event: 123.674 GC heap before
{Heap before GC invocations=22 (full 4):
 PSYoungGen      total 652800K, used 626765K [0x00000000d5580000, 0x00000000ffb80000, 0x0000000100000000)
  eden space 610816K, 100% used [0x00000000d5580000,0x00000000faa00000,0x00000000faa00000)
  from space 41984K, 37% used [0x00000000faa00000,0x00000000fb993570,0x00000000fd300000)
  to   space 40448K, 0% used [0x00000000fd400000,0x00000000fd400000,0x00000000ffb80000)
 ParOldGen       total 285696K, used 75950K [0x0000000080000000, 0x0000000091700000, 0x00000000d5580000)
  object space 285696K, 26% used [0x0000000080000000,0x0000000084a2bac0,0x0000000091700000)
 Metaspace       used 105220K, capacity 111009K, committed 111128K, reserved 1144832K
  class space    used 14214K, capacity 15324K, committed 15400K, reserved 1048576K
Event: 123.821 GC heap after
Heap after GC invocations=22 (full 4):
 PSYoungGen      total 654336K, used 10734K [0x00000000d5580000, 0x00000000ffd80000, 0x0000000100000000)
  eden space 613888K, 0% used [0x00000000d5580000,0x00000000d5580000,0x00000000fad00000)
  from space 40448K, 26% used [0x00000000fd400000,0x00000000fde7bb08,0x00000000ffb80000)
  to   space 39936K, 0% used [0x00000000fad00000,0x00000000fad00000,0x00000000fd400000)
 ParOldGen       total 285696K, used 75958K [0x0000000080000000, 0x0000000091700000, 0x00000000d5580000)
  object space 285696K, 26% used [0x0000000080000000,0x0000000084a2dac0,0x0000000091700000)
 Metaspace       used 105220K, capacity 111009K, committed 111128K, reserved 1144832K
  class space    used 14214K, capacity 15324K, committed 15400K, reserved 1048576K
}

