# JRE version: Java(TM) SE Runtime Environment (8.0_121-b13) (build 1.8.0_121-b13)
# Java VM: Java HotSpot(TM) 64-Bit Server VM (25.121-b13 mixed mode windows-amd64 compressed oops)
Heap:
 PSYoungGen      total 244736K, used 19194K [0x00000000d5580000, 0x00000000e5b00000, 0x0000000100000000)
  eden space 228864K, 8% used [0x00000000d5580000,0x00000000d683ebd8,0x00000000e3500000)
  from space 15872K, 0% used [0x00000000e4380000,0x00000000e4380000,0x00000000e5300000)
  to   space 14848K, 0% used [0x00000000e3500000,0x00000000e3500000,0x00000000e4380000)
 ParOldGen       total 123392K, used 38375K [0x0000000080000000, 0x0000000087880000, 0x00000000d5580000)
  object space 123392K, 31% used [0x0000000080000000,0x0000000082579d50,0x0000000087880000)
 Metaspace       used 57768K, capacity 60060K, committed 60416K, reserved 1101824K
  class space    used 8124K, capacity 8576K, committed 8704K, reserved 1048576K
GC Heap History (10 events):
Event: 13.264 GC heap before
{Heap before GC invocations=7 (full 1):
 PSYoungGen      total 141824K, used 43172K [0x00000000d5580000, 0x00000000e5300000, 0x0000000100000000)
  eden space 131072K, 24% used [0x00000000d5580000,0x00000000d752ae10,0x00000000dd580000)
  from space 10752K, 99% used [0x00000000dd580000,0x00000000ddffe450,0x00000000de000000)
  to   space 15872K, 0% used [0x00000000e4380000,0x00000000e4380000,0x00000000e5300000)
 ParOldGen       total 89600K, used 10452K [0x0000000080000000, 0x0000000085780000, 0x00000000d5580000)
  object space 89600K, 11% used [0x0000000080000000,0x0000000080a35210,0x0000000085780000)
 Metaspace       used 34289K, capacity 35422K, committed 35496K, reserved 1079296K
  class space    used 4831K, capacity 5096K, committed 5120K, reserved 1048576K
Event: 13.309 GC heap after
Heap after GC invocations=7 (full 1):
 PSYoungGen      total 244736K, used 8089K [0x00000000d5580000, 0x00000000e5b00000, 0x0000000100000000)
  eden space 228864K, 0% used [0x00000000d5580000,0x00000000d5580000,0x00000000e3500000)
  from space 15872K, 50% used [0x00000000e4380000,0x00000000e4b66528,0x00000000e5300000)
  to   space 14848K, 0% used [0x00000000e3500000,0x00000000e3500000,0x00000000e4380000)
 ParOldGen       total 89600K, used 10460K [0x0000000080000000, 0x0000000085780000, 0x00000000d5580000)
  object space 89600K, 11% used [0x0000000080000000,0x0000000080a37210,0x0000000085780000)
 Metaspace       used 34289K, capacity 35422K, committed 35496K, reserved 1079296K
  class space    used 4831K, capacity 5096K, committed 5120K, reserved 1048576K
}
Event: 13.309 GC heap before
{Heap before GC invocations=8 (full 2):
 PSYoungGen      total 244736K, used 8089K [0x00000000d5580000, 0x00000000e5b00000, 0x0000000100000000)
  eden space 228864K, 0% used [0x00000000d5580000,0x00000000d5580000,0x00000000e3500000)
  from space 15872K, 50% used [0x00000000e4380000,0x00000000e4b66528,0x00000000e5300000)
  to   space 14848K, 0% used [0x00000000e3500000,0x00000000e3500000,0x00000000e4380000)
 ParOldGen       total 89600K, used 10460K [0x0000000080000000, 0x0000000085780000, 0x00000000d5580000)
  object space 89600K, 11% used [0x0000000080000000,0x0000000080a37210,0x0000000085780000)
 Metaspace       used 34289K, capacity 35422K, committed 35496K, reserved 1079296K
  class space    used 4831K, capacity 5096K, committed 5120K, reserved 1048576K
Event: 13.390 GC heap after
Heap after GC invocations=8 (full 2):
 PSYoungGen      total 244736K, used 0K [0x00000000d5580000, 0x00000000e5b00000, 0x0000000100000000)
  eden space 228864K, 0% used [0x00000000d5580000,0x00000000d5580000,0x00000000e3500000)
  from space 15872K, 0% used [0x00000000e4380000,0x00000000e4380000,0x00000000e5300000)
  to   space 14848K, 0% used [0x00000000e3500000,0x00000000e3500000,0x00000000e4380000)
 ParOldGen       total 123392K, used 14565K [0x0000000080000000, 0x0000000087880000, 0x00000000d5580000)
  object space 123392K, 11% used [0x0000000080000000,0x0000000080e394c0,0x0000000087880000)
 Metaspace       used 34289K, capacity 35422K, committed 35496K, reserved 1079296K
  class space    used 4831K, capacity 5096K, committed 5120K, reserved 1048576K
}
Event: 16.987 GC heap before
{Heap before GC invocations=9 (full 2):
 PSYoungGen      total 244736K, used 228864K [0x00000000d5580000, 0x00000000e5b00000, 0x0000000100000000)
  eden space 228864K, 100% used [0x00000000d5580000,0x00000000e3500000,0x00000000e3500000)
  from space 15872K, 0% used [0x00000000e4380000,0x00000000e4380000,0x00000000e5300000)
  to   space 14848K, 0% used [0x00000000e3500000,0x00000000e3500000,0x00000000e4380000)
 ParOldGen       total 123392K, used 14565K [0x0000000080000000, 0x0000000087880000, 0x00000000d5580000)
  object space 123392K, 11% used [0x0000000080000000,0x0000000080e394c0,0x0000000087880000)
 Metaspace       used 46194K, capacity 47946K, committed 48256K, reserved 1091584K
  class space    used 6392K, capacity 6741K, committed 6784K, reserved 1048576K
Event: 17.024 GC heap after
Heap after GC invocations=9 (full 2):
 PSYoungGen      total 243712K, used 14824K [0x00000000d5580000, 0x00000000e5b00000, 0x0000000100000000)
  eden space 228864K, 0% used [0x00000000d5580000,0x00000000d5580000,0x00000000e3500000)
  from space 14848K, 99% used [0x00000000e3500000,0x00000000e437a3f0,0x00000000e4380000)
  to   space 15872K, 0% used [0x00000000e4380000,0x00000000e4380000,0x00000000e5300000)
 ParOldGen       total 123392K, used 17302K [0x0000000080000000, 0x0000000087880000, 0x00000000d5580000)
  object space 123392K, 14% used [0x0000000080000000,0x00000000810e5a60,0x0000000087880000)
 Metaspace       used 46194K, capacity 47946K, committed 48256K, reserved 1091584K
  class space    used 6392K, capacity 6741K, committed 6784K, reserved 1048576K
}
Event: 21.006 GC heap before
{Heap before GC invocations=10 (full 2):
 PSYoungGen      total 243712K, used 170765K [0x00000000d5580000, 0x00000000e5b00000, 0x0000000100000000)
  eden space 228864K, 68% used [0x00000000d5580000,0x00000000dedc91e8,0x00000000e3500000)
  from space 14848K, 99% used [0x00000000e3500000,0x00000000e437a3f0,0x00000000e4380000)
  to   space 15872K, 0% used [0x00000000e4380000,0x00000000e4380000,0x00000000e5300000)
 ParOldGen       total 123392K, used 17302K [0x0000000080000000, 0x0000000087880000, 0x00000000d5580000)
  object space 123392K, 14% used [0x0000000080000000,0x00000000810e5a60,0x0000000087880000)
 Metaspace       used 56787K, capacity 59054K, committed 59136K, reserved 1099776K
  class space    used 7945K, capacity 8421K, committed 8448K, reserved 1048576K
Event: 21.098 GC heap after
Heap after GC invocations=10 (full 2):
 PSYoungGen      total 244736K, used 15844K [0x00000000d5580000, 0x00000000e5b00000, 0x0000000100000000)
  eden space 228864K, 0% used [0x00000000d5580000,0x00000000d5580000,0x00000000e3500000)
  from space 15872K, 99% used [0x00000000e4380000,0x00000000e52f9310,0x00000000e5300000)
  to   space 14848K, 0% used [0x00000000e3500000,0x00000000e3500000,0x00000000e4380000)
 ParOldGen       total 123392K, used 27947K [0x0000000080000000, 0x0000000087880000, 0x00000000d5580000)
  object space 123392K, 22% used [0x0000000080000000,0x0000000081b4ade8,0x0000000087880000)
 Metaspace       used 56787K, capacity 59054K, committed 59136K, reserved 1099776K
  class space    used 7945K, capacity 8421K, committed 8448K, reserved 1048576K
}
Event: 21.098 GC heap before
{Heap before GC invocations=11 (full 3):
 PSYoungGen      total 244736K, used 15844K [0x00000000d5580000, 0x00000000e5b00000, 0x0000000100000000)
  eden space 228864K, 0% used [0x00000000d5580000,0x00000000d5580000,0x00000000e3500000)
  from space 15872K, 99% used [0x00000000e4380000,0x00000000e52f9310,0x00000000e5300000)
  to   space 14848K, 0% used [0x00000000e3500000,0x00000000e3500000,0x00000000e4380000)
 ParOldGen       total 123392K, used 27947K [0x0000000080000000, 0x0000000087880000, 0x00000000d5580000)
  object space 123392K, 22% used [0x0000000080000000,0x0000000081b4ade8,0x0000000087880000)
 Metaspace       used 56787K, capacity 59054K, committed 59136K, reserved 1099776K
  class space    used 7945K, capacity 8421K, committed 8448K, reserved 1048576K
Event: 21.601 GC heap after
Heap after GC invocations=11 (full 3):
 PSYoungGen      total 244736K, used 0K [0x00000000d5580000, 0x00000000e5b00000, 0x0000000100000000)
  eden space 228864K, 0% used [0x00000000d5580000,0x00000000d5580000,0x00000000e3500000)
  from space 15872K, 0% used [0x00000000e4380000,0x00000000e4380000,0x00000000e5300000)
  to   space 14848K, 0% used [0x00000000e3500000,0x00000000e3500000,0x00000000e4380000)
 ParOldGen       total 123392K, used 38375K [0x0000000080000000, 0x0000000087880000, 0x00000000d5580000)
  object space 123392K, 31% used [0x0000000080000000,0x0000000082579d50,0x0000000087880000)
 Metaspace       used 56766K, capacity 58982K, committed 59136K, reserved 1099776K
  class space    used 7938K, capacity 8409K, committed 8448K, reserved 1048576K
}

