# JRE version: Java(TM) SE Runtime Environment (8.0_121-b13) (build 1.8.0_121-b13)
# Java VM: Java HotSpot(TM) 64-Bit Server VM (25.121-b13 mixed mode windows-amd64 compressed oops)
Heap:
 PSYoungGen      total 594432K, used 123373K [0x00000000d5580000, 0x0000000100000000, 0x0000000100000000)
  eden space 534016K, 14% used [0x00000000d5580000,0x00000000da35d438,0x00000000f5f00000)
  from space 60416K, 72% used [0x00000000f5f00000,0x00000000f899e100,0x00000000f9a00000)
  to   space 63488K, 0% used [0x00000000fc200000,0x00000000fc200000,0x0000000100000000)
 ParOldGen       total 347648K, used 67785K [0x0000000080000000, 0x0000000095380000, 0x00000000d5580000)
  object space 347648K, 19% used [0x0000000080000000,0x0000000084232700,0x0000000095380000)
 Metaspace       used 114959K, capacity 121284K, committed 121472K, reserved 1155072K
  class space    used 15171K, capacity 16389K, committed 16512K, reserved 1048576K
GC Heap History (10 events):
Event: 555.061 GC heap before
{Heap before GC invocations=17 (full 3):
 PSYoungGen      total 442368K, used 442364K [0x00000000d5580000, 0x00000000f8d80000, 0x0000000100000000)
  eden space 407552K, 100% used [0x00000000d5580000,0x00000000ee380000,0x00000000ee380000)
  from space 34816K, 99% used [0x00000000ee380000,0x00000000f057f0b8,0x00000000f0580000)
  to   space 48640K, 0% used [0x00000000f5e00000,0x00000000f5e00000,0x00000000f8d80000)
 ParOldGen       total 217088K, used 75149K [0x0000000080000000, 0x000000008d400000, 0x00000000d5580000)
  object space 217088K, 34% used [0x0000000080000000,0x00000000849637c8,0x000000008d400000)
 Metaspace       used 91799K, capacity 96664K, committed 96896K, reserved 1132544K
  class space    used 12208K, capacity 13128K, committed 13184K, reserved 1048576K
Event: 555.123 GC heap after
Heap after GC invocations=17 (full 3):
 PSYoungGen      total 517632K, used 43231K [0x00000000d5580000, 0x00000000f8b80000, 0x0000000100000000)
  eden space 471040K, 0% used [0x00000000d5580000,0x00000000d5580000,0x00000000f2180000)
  from space 46592K, 92% used [0x00000000f5e00000,0x00000000f8837dd8,0x00000000f8b80000)
  to   space 54272K, 0% used [0x00000000f2180000,0x00000000f2180000,0x00000000f5680000)
 ParOldGen       total 217088K, used 75157K [0x0000000080000000, 0x000000008d400000, 0x00000000d5580000)
  object space 217088K, 34% used [0x0000000080000000,0x00000000849657c8,0x000000008d400000)
 Metaspace       used 91799K, capacity 96664K, committed 96896K, reserved 1132544K
  class space    used 12208K, capacity 13128K, committed 13184K, reserved 1048576K
}
Event: 642.015 GC heap before
{Heap before GC invocations=18 (full 3):
 PSYoungGen      total 517632K, used 224733K [0x00000000d5580000, 0x00000000f8b80000, 0x0000000100000000)
  eden space 471040K, 38% used [0x00000000d5580000,0x00000000e06bf658,0x00000000f2180000)
  from space 46592K, 92% used [0x00000000f5e00000,0x00000000f8837dd8,0x00000000f8b80000)
  to   space 54272K, 0% used [0x00000000f2180000,0x00000000f2180000,0x00000000f5680000)
 ParOldGen       total 217088K, used 75157K [0x0000000080000000, 0x000000008d400000, 0x00000000d5580000)
  object space 217088K, 34% used [0x0000000080000000,0x00000000849657c8,0x000000008d400000)
 Metaspace       used 93491K, capacity 98506K, committed 98560K, reserved 1134592K
  class space    used 12427K, capacity 13417K, committed 13440K, reserved 1048576K
Event: 642.103 GC heap after
Heap after GC invocations=18 (full 3):
 PSYoungGen      total 525312K, used 52332K [0x00000000d5580000, 0x00000000fd700000, 0x0000000100000000)
  eden space 471040K, 0% used [0x00000000d5580000,0x00000000d5580000,0x00000000f2180000)
  from space 54272K, 96% used [0x00000000f2180000,0x00000000f549b190,0x00000000f5680000)
  to   space 62464K, 0% used [0x00000000f9a00000,0x00000000f9a00000,0x00000000fd700000)
 ParOldGen       total 217088K, used 75157K [0x0000000080000000, 0x000000008d400000, 0x00000000d5580000)
  object space 217088K, 34% used [0x0000000080000000,0x00000000849657c8,0x000000008d400000)
 Metaspace       used 93491K, capacity 98506K, committed 98560K, reserved 1134592K
  class space    used 12427K, capacity 13417K, committed 13440K, reserved 1048576K
}
Event: 642.103 GC heap before
{Heap before GC invocations=19 (full 4):
 PSYoungGen      total 525312K, used 52332K [0x00000000d5580000, 0x00000000fd700000, 0x0000000100000000)
  eden space 471040K, 0% used [0x00000000d5580000,0x00000000d5580000,0x00000000f2180000)
  from space 54272K, 96% used [0x00000000f2180000,0x00000000f549b190,0x00000000f5680000)
  to   space 62464K, 0% used [0x00000000f9a00000,0x00000000f9a00000,0x00000000fd700000)
 ParOldGen       total 217088K, used 75157K [0x0000000080000000, 0x000000008d400000, 0x00000000d5580000)
  object space 217088K, 34% used [0x0000000080000000,0x00000000849657c8,0x000000008d400000)
 Metaspace       used 93491K, capacity 98506K, committed 98560K, reserved 1134592K
  class space    used 12427K, capacity 13417K, committed 13440K, reserved 1048576K
Event: 642.460 GC heap after
Heap after GC invocations=19 (full 4):
 PSYoungGen      total 525312K, used 0K [0x00000000d5580000, 0x00000000fd700000, 0x0000000100000000)
  eden space 471040K, 0% used [0x00000000d5580000,0x00000000d5580000,0x00000000f2180000)
  from space 54272K, 0% used [0x00000000f2180000,0x00000000f2180000,0x00000000f5680000)
  to   space 62464K, 0% used [0x00000000f9a00000,0x00000000f9a00000,0x00000000fd700000)
 ParOldGen       total 347648K, used 67769K [0x0000000080000000, 0x0000000095380000, 0x00000000d5580000)
  object space 347648K, 19% used [0x0000000080000000,0x000000008422e700,0x0000000095380000)
 Metaspace       used 93291K, capacity 97938K, committed 98560K, reserved 1134592K
  class space    used 12364K, capacity 13327K, committed 13440K, reserved 1048576K
}
Event: 655.278 GC heap before
{Heap before GC invocations=20 (full 4):
 PSYoungGen      total 525312K, used 471040K [0x00000000d5580000, 0x00000000fd700000, 0x0000000100000000)
  eden space 471040K, 100% used [0x00000000d5580000,0x00000000f2180000,0x00000000f2180000)
  from space 54272K, 0% used [0x00000000f2180000,0x00000000f2180000,0x00000000f5680000)
  to   space 62464K, 0% used [0x00000000f9a00000,0x00000000f9a00000,0x00000000fd700000)
 ParOldGen       total 347648K, used 67769K [0x0000000080000000, 0x0000000095380000, 0x00000000d5580000)
  object space 347648K, 19% used [0x0000000080000000,0x000000008422e700,0x0000000095380000)
 Metaspace       used 101619K, capacity 106638K, committed 106880K, reserved 1142784K
  class space    used 13397K, capacity 14403K, committed 14464K, reserved 1048576K
Event: 655.347 GC heap after
Heap after GC invocations=20 (full 4):
 PSYoungGen      total 596480K, used 29681K [0x00000000d5580000, 0x00000000fdf00000, 0x0000000100000000)
  eden space 534016K, 0% used [0x00000000d5580000,0x00000000d5580000,0x00000000f5f00000)
  from space 62464K, 47% used [0x00000000f9a00000,0x00000000fb6fc648,0x00000000fd700000)
  to   space 60416K, 0% used [0x00000000f5f00000,0x00000000f5f00000,0x00000000f9a00000)
 ParOldGen       total 347648K, used 67777K [0x0000000080000000, 0x0000000095380000, 0x00000000d5580000)
  object space 347648K, 19% used [0x0000000080000000,0x0000000084230700,0x0000000095380000)
 Metaspace       used 101619K, capacity 106638K, committed 106880K, reserved 1142784K
  class space    used 13397K, capacity 14403K, committed 14464K, reserved 1048576K
}
Event: 682.528 GC heap before
{Heap before GC invocations=21 (full 4):
 PSYoungGen      total 596480K, used 563697K [0x00000000d5580000, 0x00000000fdf00000, 0x0000000100000000)
  eden space 534016K, 100% used [0x00000000d5580000,0x00000000f5f00000,0x00000000f5f00000)
  from space 62464K, 47% used [0x00000000f9a00000,0x00000000fb6fc648,0x00000000fd700000)
  to   space 60416K, 0% used [0x00000000f5f00000,0x00000000f5f00000,0x00000000f9a00000)
 ParOldGen       total 347648K, used 67777K [0x0000000080000000, 0x0000000095380000, 0x00000000d5580000)
  object space 347648K, 19% used [0x0000000080000000,0x0000000084230700,0x0000000095380000)
 Metaspace       used 108808K, capacity 114134K, committed 114304K, reserved 1148928K
  class space    used 14311K, capacity 15400K, committed 15488K, reserved 1048576K
Event: 682.595 GC heap after
Heap after GC invocations=21 (full 4):
 PSYoungGen      total 594432K, used 43640K [0x00000000d5580000, 0x0000000100000000, 0x0000000100000000)
  eden space 534016K, 0% used [0x00000000d5580000,0x00000000d5580000,0x00000000f5f00000)
  from space 60416K, 72% used [0x00000000f5f00000,0x00000000f899e100,0x00000000f9a00000)
  to   space 63488K, 0% used [0x00000000fc200000,0x00000000fc200000,0x0000000100000000)
 ParOldGen       total 347648K, used 67785K [0x0000000080000000, 0x0000000095380000, 0x00000000d5580000)
  object space 347648K, 19% used [0x0000000080000000,0x0000000084232700,0x0000000095380000)
 Metaspace       used 108808K, capacity 114134K, committed 114304K, reserved 1148928K
  class space    used 14311K, capacity 15400K, committed 15488K, reserved 1048576K
}

