# JRE version: Java(TM) SE Runtime Environment (8.0_121-b13) (build 1.8.0_121-b13)
# Java VM: Java HotSpot(TM) 64-Bit Server VM (25.121-b13 mixed mode windows-amd64 compressed oops)
Heap:
 PSYoungGen      total 276480K, used 73684K [0x00000000d5580000, 0x00000000e8e80000, 0x0000000100000000)
  eden space 235008K, 13% used [0x00000000d5580000,0x00000000d74f9250,0x00000000e3b00000)
  from space 41472K, 99% used [0x00000000e3b00000,0x00000000e637bf08,0x00000000e6380000)
  to   space 38400K, 0% used [0x00000000e6380000,0x00000000e6380000,0x00000000e8900000)
 ParOldGen       total 376320K, used 83147K [0x0000000080000000, 0x0000000096f80000, 0x00000000d5580000)
  object space 376320K, 22% used [0x0000000080000000,0x0000000085132d18,0x0000000096f80000)
 Metaspace       used 93418K, capacity 97934K, committed 99328K, reserved 1134592K
  class space    used 12521K, capacity 13348K, committed 13696K, reserved 1048576K
GC Heap History (10 events):
Event: 44.033 GC heap before
{Heap before GC invocations=17 (full 3):
 PSYoungGen      total 223232K, used 223206K [0x00000000d5580000, 0x00000000e6e00000, 0x0000000100000000)
  eden space 199680K, 99% used [0x00000000d5580000,0x00000000e187bd68,0x00000000e1880000)
  from space 23552K, 99% used [0x00000000e1880000,0x00000000e2f7dc68,0x00000000e2f80000)
  to   space 32256K, 0% used [0x00000000e4e80000,0x00000000e4e80000,0x00000000e6e00000)
 ParOldGen       total 239104K, used 49876K [0x0000000080000000, 0x000000008e980000, 0x00000000d5580000)
  object space 239104K, 20% used [0x0000000080000000,0x00000000830b52c8,0x000000008e980000)
 Metaspace       used 90242K, capacity 95300K, committed 95360K, reserved 1130496K
  class space    used 12506K, capacity 13431K, committed 13440K, reserved 1048576K
Event: 44.120 GC heap after
Heap after GC invocations=17 (full 3):
 PSYoungGen      total 248320K, used 32242K [0x00000000d5580000, 0x00000000e7d00000, 0x0000000100000000)
  eden space 216064K, 0% used [0x00000000d5580000,0x00000000d5580000,0x00000000e2880000)
  from space 32256K, 99% used [0x00000000e4e80000,0x00000000e6dfc8f8,0x00000000e6e00000)
  to   space 38912K, 0% used [0x00000000e2880000,0x00000000e2880000,0x00000000e4e80000)
 ParOldGen       total 239104K, used 55806K [0x0000000080000000, 0x000000008e980000, 0x00000000d5580000)
  object space 239104K, 23% used [0x0000000080000000,0x000000008367fbb0,0x000000008e980000)
 Metaspace       used 90242K, capacity 95300K, committed 95360K, reserved 1130496K
  class space    used 12506K, capacity 13431K, committed 13440K, reserved 1048576K
}
Event: 144.798 GC heap before
{Heap before GC invocations=18 (full 3):
 PSYoungGen      total 248320K, used 248306K [0x00000000d5580000, 0x00000000e7d00000, 0x0000000100000000)
  eden space 216064K, 100% used [0x00000000d5580000,0x00000000e2880000,0x00000000e2880000)
  from space 32256K, 99% used [0x00000000e4e80000,0x00000000e6dfc8f8,0x00000000e6e00000)
  to   space 38912K, 0% used [0x00000000e2880000,0x00000000e2880000,0x00000000e4e80000)
 ParOldGen       total 239104K, used 55806K [0x0000000080000000, 0x000000008e980000, 0x00000000d5580000)
  object space 239104K, 23% used [0x0000000080000000,0x000000008367fbb0,0x000000008e980000)
 Metaspace       used 92709K, capacity 97782K, committed 98048K, reserved 1134592K
  class space    used 12633K, capacity 13554K, committed 13568K, reserved 1048576K
Event: 144.870 GC heap after
Heap after GC invocations=18 (full 3):
 PSYoungGen      total 254976K, used 21437K [0x00000000d5580000, 0x00000000e8900000, 0x0000000100000000)
  eden space 216064K, 0% used [0x00000000d5580000,0x00000000d5580000,0x00000000e2880000)
  from space 38912K, 55% used [0x00000000e2880000,0x00000000e3d6f650,0x00000000e4e80000)
  to   space 38400K, 0% used [0x00000000e6380000,0x00000000e6380000,0x00000000e8900000)
 ParOldGen       total 239104K, used 67227K [0x0000000080000000, 0x000000008e980000, 0x00000000d5580000)
  object space 239104K, 28% used [0x0000000080000000,0x00000000841a6f40,0x000000008e980000)
 Metaspace       used 92709K, capacity 97782K, committed 98048K, reserved 1134592K
  class space    used 12633K, capacity 13554K, committed 13568K, reserved 1048576K
}
Event: 151.679 GC heap before
{Heap before GC invocations=19 (full 3):
 PSYoungGen      total 254976K, used 231038K [0x00000000d5580000, 0x00000000e8900000, 0x0000000100000000)
  eden space 216064K, 97% used [0x00000000d5580000,0x00000000e2230378,0x00000000e2880000)
  from space 38912K, 55% used [0x00000000e2880000,0x00000000e3d6f650,0x00000000e4e80000)
  to   space 38400K, 0% used [0x00000000e6380000,0x00000000e6380000,0x00000000e8900000)
 ParOldGen       total 239104K, used 67227K [0x0000000080000000, 0x000000008e980000, 0x00000000d5580000)
  object space 239104K, 28% used [0x0000000080000000,0x00000000841a6f40,0x000000008e980000)
 Metaspace       used 93260K, capacity 98494K, committed 98560K, reserved 1134592K
  class space    used 12671K, capacity 13640K, committed 13696K, reserved 1048576K
Event: 151.733 GC heap after
Heap after GC invocations=19 (full 3):
 PSYoungGen      total 273408K, used 32183K [0x00000000d5580000, 0x00000000e8e80000, 0x0000000100000000)
  eden space 235008K, 0% used [0x00000000d5580000,0x00000000d5580000,0x00000000e3b00000)
  from space 38400K, 83% used [0x00000000e6380000,0x00000000e82edf38,0x00000000e8900000)
  to   space 41472K, 0% used [0x00000000e3b00000,0x00000000e3b00000,0x00000000e6380000)
 ParOldGen       total 239104K, used 67235K [0x0000000080000000, 0x000000008e980000, 0x00000000d5580000)
  object space 239104K, 28% used [0x0000000080000000,0x00000000841a8f40,0x000000008e980000)
 Metaspace       used 93260K, capacity 98494K, committed 98560K, reserved 1134592K
  class space    used 12671K, capacity 13640K, committed 13696K, reserved 1048576K
}
Event: 151.733 GC heap before
{Heap before GC invocations=20 (full 4):
 PSYoungGen      total 273408K, used 32183K [0x00000000d5580000, 0x00000000e8e80000, 0x0000000100000000)
  eden space 235008K, 0% used [0x00000000d5580000,0x00000000d5580000,0x00000000e3b00000)
  from space 38400K, 83% used [0x00000000e6380000,0x00000000e82edf38,0x00000000e8900000)
  to   space 41472K, 0% used [0x00000000e3b00000,0x00000000e3b00000,0x00000000e6380000)
 ParOldGen       total 239104K, used 67235K [0x0000000080000000, 0x000000008e980000, 0x00000000d5580000)
  object space 239104K, 28% used [0x0000000080000000,0x00000000841a8f40,0x000000008e980000)
 Metaspace       used 93260K, capacity 98494K, committed 98560K, reserved 1134592K
  class space    used 12671K, capacity 13640K, committed 13696K, reserved 1048576K
Event: 152.249 GC heap after
Heap after GC invocations=20 (full 4):
 PSYoungGen      total 273408K, used 0K [0x00000000d5580000, 0x00000000e8e80000, 0x0000000100000000)
  eden space 235008K, 0% used [0x00000000d5580000,0x00000000d5580000,0x00000000e3b00000)
  from space 38400K, 0% used [0x00000000e6380000,0x00000000e6380000,0x00000000e8900000)
  to   space 41472K, 0% used [0x00000000e3b00000,0x00000000e3b00000,0x00000000e6380000)
 ParOldGen       total 376320K, used 70477K [0x0000000080000000, 0x0000000096f80000, 0x00000000d5580000)
  object space 376320K, 18% used [0x0000000080000000,0x00000000844d36f8,0x0000000096f80000)
 Metaspace       used 92767K, capacity 97230K, committed 98560K, reserved 1134592K
  class space    used 12495K, capacity 13338K, committed 13696K, reserved 1048576K
}
Event: 154.517 GC heap before
{Heap before GC invocations=21 (full 4):
 PSYoungGen      total 273408K, used 235008K [0x00000000d5580000, 0x00000000e8e80000, 0x0000000100000000)
  eden space 235008K, 100% used [0x00000000d5580000,0x00000000e3b00000,0x00000000e3b00000)
  from space 38400K, 0% used [0x00000000e6380000,0x00000000e6380000,0x00000000e8900000)
  to   space 41472K, 0% used [0x00000000e3b00000,0x00000000e3b00000,0x00000000e6380000)
 ParOldGen       total 376320K, used 70477K [0x0000000080000000, 0x0000000096f80000, 0x00000000d5580000)
  object space 376320K, 18% used [0x0000000080000000,0x00000000844d36f8,0x0000000096f80000)
 Metaspace       used 93408K, capacity 97934K, committed 99328K, reserved 1134592K
  class space    used 12521K, capacity 13348K, committed 13696K, reserved 1048576K
Event: 154.708 GC heap after
Heap after GC invocations=21 (full 4):
 PSYoungGen      total 276480K, used 41455K [0x00000000d5580000, 0x00000000e8e80000, 0x0000000100000000)
  eden space 235008K, 0% used [0x00000000d5580000,0x00000000d5580000,0x00000000e3b00000)
  from space 41472K, 99% used [0x00000000e3b00000,0x00000000e637bf08,0x00000000e6380000)
  to   space 38400K, 0% used [0x00000000e6380000,0x00000000e6380000,0x00000000e8900000)
 ParOldGen       total 376320K, used 83147K [0x0000000080000000, 0x0000000096f80000, 0x00000000d5580000)
  object space 376320K, 22% used [0x0000000080000000,0x0000000085132d18,0x0000000096f80000)
 Metaspace       used 93408K, capacity 97934K, committed 99328K, reserved 1134592K
  class space    used 12521K, capacity 13348K, committed 13696K, reserved 1048576K
}

