# JRE version: Java(TM) SE Runtime Environment (8.0_121-b13) (build 1.8.0_121-b13)
# Java VM: Java HotSpot(TM) 64-Bit Server VM (25.121-b13 mixed mode windows-amd64 compressed oops)
Heap:
 PSYoungGen      total 202752K, used 56559K [0x00000000d5580000, 0x00000000e4380000, 0x0000000100000000)
  eden space 191488K, 23% used [0x00000000d5580000,0x00000000d81c0cb0,0x00000000e1080000)
  from space 11264K, 99% used [0x00000000e1080000,0x00000000e1b7b330,0x00000000e1b80000)
  to   space 17408K, 0% used [0x00000000e3280000,0x00000000e3280000,0x00000000e4380000)
 ParOldGen       total 138240K, used 27906K [0x0000000080000000, 0x0000000088700000, 0x00000000d5580000)
  object space 138240K, 20% used [0x0000000080000000,0x0000000081b40a88,0x0000000088700000)
 Metaspace       used 55853K, capacity 58062K, committed 58240K, reserved 1099776K
  class space    used 7789K, capacity 8244K, committed 8320K, reserved 1048576K
GC Heap History (10 events):
Event: 9.498 GC heap before
{Heap before GC invocations=7 (full 1):
 PSYoungGen      total 76288K, used 73812K [0x00000000d5580000, 0x00000000dd880000, 0x0000000100000000)
  eden space 65536K, 100% used [0x00000000d5580000,0x00000000d9580000,0x00000000d9580000)
  from space 10752K, 76% used [0x00000000d9580000,0x00000000d9d95220,0x00000000da000000)
  to   space 11776K, 0% used [0x00000000dcd00000,0x00000000dcd00000,0x00000000dd880000)
 ParOldGen       total 92160K, used 7214K [0x0000000080000000, 0x0000000085a00000, 0x00000000d5580000)
  object space 92160K, 7% used [0x0000000080000000,0x000000008070bb08,0x0000000085a00000)
 Metaspace       used 32842K, capacity 33880K, committed 34048K, reserved 1079296K
  class space    used 4594K, capacity 4846K, committed 4864K, reserved 1048576K
Event: 9.533 GC heap after
Heap after GC invocations=7 (full 1):
 PSYoungGen      total 122368K, used 9126K [0x00000000d5580000, 0x00000000dd900000, 0x0000000100000000)
  eden space 110592K, 0% used [0x00000000d5580000,0x00000000d5580000,0x00000000dc180000)
  from space 11776K, 77% used [0x00000000dcd00000,0x00000000dd5e9868,0x00000000dd880000)
  to   space 11776K, 0% used [0x00000000dc180000,0x00000000dc180000,0x00000000dcd00000)
 ParOldGen       total 92160K, used 7222K [0x0000000080000000, 0x0000000085a00000, 0x00000000d5580000)
  object space 92160K, 7% used [0x0000000080000000,0x000000008070db08,0x0000000085a00000)
 Metaspace       used 32842K, capacity 33880K, committed 34048K, reserved 1079296K
  class space    used 4594K, capacity 4846K, committed 4864K, reserved 1048576K
}
Event: 10.362 GC heap before
{Heap before GC invocations=8 (full 1):
 PSYoungGen      total 122368K, used 39063K [0x00000000d5580000, 0x00000000dd900000, 0x0000000100000000)
  eden space 110592K, 27% used [0x00000000d5580000,0x00000000d72bc3e8,0x00000000dc180000)
  from space 11776K, 77% used [0x00000000dcd00000,0x00000000dd5e9868,0x00000000dd880000)
  to   space 11776K, 0% used [0x00000000dc180000,0x00000000dc180000,0x00000000dcd00000)
 ParOldGen       total 92160K, used 7222K [0x0000000080000000, 0x0000000085a00000, 0x00000000d5580000)
  object space 92160K, 7% used [0x0000000080000000,0x000000008070db08,0x0000000085a00000)
 Metaspace       used 34285K, capacity 35426K, committed 35496K, reserved 1079296K
  class space    used 4831K, capacity 5096K, committed 5120K, reserved 1048576K
Event: 10.410 GC heap after
Heap after GC invocations=8 (full 1):
 PSYoungGen      total 122368K, used 7995K [0x00000000d5580000, 0x00000000e2980000, 0x0000000100000000)
  eden space 110592K, 0% used [0x00000000d5580000,0x00000000d5580000,0x00000000dc180000)
  from space 11776K, 67% used [0x00000000dc180000,0x00000000dc94ec70,0x00000000dcd00000)
  to   space 11264K, 0% used [0x00000000e1e80000,0x00000000e1e80000,0x00000000e2980000)
 ParOldGen       total 92160K, used 7230K [0x0000000080000000, 0x0000000085a00000, 0x00000000d5580000)
  object space 92160K, 7% used [0x0000000080000000,0x000000008070fb08,0x0000000085a00000)
 Metaspace       used 34285K, capacity 35426K, committed 35496K, reserved 1079296K
  class space    used 4831K, capacity 5096K, committed 5120K, reserved 1048576K
}
Event: 10.410 GC heap before
{Heap before GC invocations=9 (full 2):
 PSYoungGen      total 122368K, used 7995K [0x00000000d5580000, 0x00000000e2980000, 0x0000000100000000)
  eden space 110592K, 0% used [0x00000000d5580000,0x00000000d5580000,0x00000000dc180000)
  from space 11776K, 67% used [0x00000000dc180000,0x00000000dc94ec70,0x00000000dcd00000)
  to   space 11264K, 0% used [0x00000000e1e80000,0x00000000e1e80000,0x00000000e2980000)
 ParOldGen       total 92160K, used 7230K [0x0000000080000000, 0x0000000085a00000, 0x00000000d5580000)
  object space 92160K, 7% used [0x0000000080000000,0x000000008070fb08,0x0000000085a00000)
 Metaspace       used 34285K, capacity 35426K, committed 35496K, reserved 1079296K
  class space    used 4831K, capacity 5096K, committed 5120K, reserved 1048576K
Event: 10.576 GC heap after
Heap after GC invocations=9 (full 2):
 PSYoungGen      total 122368K, used 0K [0x00000000d5580000, 0x00000000e2980000, 0x0000000100000000)
  eden space 110592K, 0% used [0x00000000d5580000,0x00000000d5580000,0x00000000dc180000)
  from space 11776K, 0% used [0x00000000dc180000,0x00000000dc180000,0x00000000dcd00000)
  to   space 11264K, 0% used [0x00000000e1e80000,0x00000000e1e80000,0x00000000e2980000)
 ParOldGen       total 138240K, used 14426K [0x0000000080000000, 0x0000000088700000, 0x00000000d5580000)
  object space 138240K, 10% used [0x0000000080000000,0x0000000080e16b38,0x0000000088700000)
 Metaspace       used 34285K, capacity 35426K, committed 35496K, reserved 1079296K
  class space    used 4831K, capacity 5096K, committed 5120K, reserved 1048576K
}
Event: 12.501 GC heap before
{Heap before GC invocations=10 (full 2):
 PSYoungGen      total 122368K, used 110592K [0x00000000d5580000, 0x00000000e2980000, 0x0000000100000000)
  eden space 110592K, 100% used [0x00000000d5580000,0x00000000dc180000,0x00000000dc180000)
  from space 11776K, 0% used [0x00000000dc180000,0x00000000dc180000,0x00000000dcd00000)
  to   space 11264K, 0% used [0x00000000e1e80000,0x00000000e1e80000,0x00000000e2980000)
 ParOldGen       total 138240K, used 14426K [0x0000000080000000, 0x0000000088700000, 0x00000000d5580000)
  object space 138240K, 10% used [0x0000000080000000,0x0000000080e16b38,0x0000000088700000)
 Metaspace       used 38058K, capacity 39672K, committed 39808K, reserved 1083392K
  class space    used 5370K, capacity 5700K, committed 5760K, reserved 1048576K
Event: 12.512 GC heap after
Heap after GC invocations=10 (full 2):
 PSYoungGen      total 172544K, used 7713K [0x00000000d5580000, 0x00000000e2680000, 0x0000000100000000)
  eden space 164352K, 0% used [0x00000000d5580000,0x00000000d5580000,0x00000000df600000)
  from space 8192K, 94% used [0x00000000e1e80000,0x00000000e2608728,0x00000000e2680000)
  to   space 11264K, 0% used [0x00000000e1080000,0x00000000e1080000,0x00000000e1b80000)
 ParOldGen       total 138240K, used 14434K [0x0000000080000000, 0x0000000088700000, 0x00000000d5580000)
  object space 138240K, 10% used [0x0000000080000000,0x0000000080e18b38,0x0000000088700000)
 Metaspace       used 38058K, capacity 39672K, committed 39808K, reserved 1083392K
  class space    used 5370K, capacity 5700K, committed 5760K, reserved 1048576K
}
Event: 15.623 GC heap before
{Heap before GC invocations=11 (full 2):
 PSYoungGen      total 172544K, used 172065K [0x00000000d5580000, 0x00000000e2680000, 0x0000000100000000)
  eden space 164352K, 100% used [0x00000000d5580000,0x00000000df600000,0x00000000df600000)
  from space 8192K, 94% used [0x00000000e1e80000,0x00000000e2608728,0x00000000e2680000)
  to   space 11264K, 0% used [0x00000000e1080000,0x00000000e1080000,0x00000000e1b80000)
 ParOldGen       total 138240K, used 14434K [0x0000000080000000, 0x0000000088700000, 0x00000000d5580000)
  object space 138240K, 10% used [0x0000000080000000,0x0000000080e18b38,0x0000000088700000)
 Metaspace       used 52707K, capacity 54850K, committed 55040K, reserved 1097728K
  class space    used 7216K, capacity 7651K, committed 7680K, reserved 1048576K
Event: 15.657 GC heap after
Heap after GC invocations=11 (full 2):
 PSYoungGen      total 202752K, used 11244K [0x00000000d5580000, 0x00000000e4380000, 0x0000000100000000)
  eden space 191488K, 0% used [0x00000000d5580000,0x00000000d5580000,0x00000000e1080000)
  from space 11264K, 99% used [0x00000000e1080000,0x00000000e1b7b330,0x00000000e1b80000)
  to   space 17408K, 0% used [0x00000000e3280000,0x00000000e3280000,0x00000000e4380000)
 ParOldGen       total 138240K, used 27906K [0x0000000080000000, 0x0000000088700000, 0x00000000d5580000)
  object space 138240K, 20% used [0x0000000080000000,0x0000000081b40a88,0x0000000088700000)
 Metaspace       used 52707K, capacity 54850K, committed 55040K, reserved 1097728K
  class space    used 7216K, capacity 7651K, committed 7680K, reserved 1048576K
}

