# JRE version: Java(TM) SE Runtime Environment (8.0_121-b13) (build 1.8.0_121-b13)
# Java VM: Java HotSpot(TM) 64-Bit Server VM (25.121-b13 mixed mode windows-amd64 compressed oops)
Heap:
 PSYoungGen      total 448000K, used 364222K [0x00000000d5580000, 0x00000000f7800000, 0x0000000100000000)
  eden space 395264K, 84% used [0x00000000d5580000,0x00000000e9d72878,0x00000000ed780000)
  from space 52736K, 53% used [0x00000000ed780000,0x00000000ef33d2e8,0x00000000f0b00000)
  to   space 51712K, 0% used [0x00000000f4580000,0x00000000f4580000,0x00000000f7800000)
 ParOldGen       total 335360K, used 55547K [0x0000000080000000, 0x0000000094780000, 0x00000000d5580000)
  object space 335360K, 16% used [0x0000000080000000,0x000000008363ed30,0x0000000094780000)
 Metaspace       used 111017K, capacity 116620K, committed 116736K, reserved 1150976K
  class space    used 14846K, capacity 15872K, committed 15872K, reserved 1048576K
GC Heap History (10 events):
Event: 31.919 GC heap before
{Heap before GC invocations=13 (full 3):
 PSYoungGen      total 337920K, used 337917K [0x00000000d5580000, 0x00000000efa00000, 0x0000000100000000)
  eden space 313344K, 100% used [0x00000000d5580000,0x00000000e8780000,0x00000000e8780000)
  from space 24576K, 99% used [0x00000000e8780000,0x00000000e9f7f740,0x00000000e9f80000)
  to   space 28160K, 0% used [0x00000000ede80000,0x00000000ede80000,0x00000000efa00000)
 ParOldGen       total 219136K, used 39047K [0x0000000080000000, 0x000000008d600000, 0x00000000d5580000)
  object space 219136K, 17% used [0x0000000080000000,0x0000000082621d08,0x000000008d600000)
 Metaspace       used 74482K, capacity 78046K, committed 78080K, reserved 1116160K
  class space    used 10587K, capacity 11261K, committed 11264K, reserved 1048576K
Event: 32.027 GC heap after
Heap after GC invocations=13 (full 3):
 PSYoungGen      total 379392K, used 28157K [0x00000000d5580000, 0x00000000f2300000, 0x0000000100000000)
  eden space 351232K, 0% used [0x00000000d5580000,0x00000000d5580000,0x00000000eac80000)
  from space 28160K, 99% used [0x00000000ede80000,0x00000000ef9ff4f0,0x00000000efa00000)
  to   space 51200K, 0% used [0x00000000eac80000,0x00000000eac80000,0x00000000ede80000)
 ParOldGen       total 219136K, used 90566K [0x0000000080000000, 0x000000008d600000, 0x00000000d5580000)
  object space 219136K, 41% used [0x0000000080000000,0x0000000085871a20,0x000000008d600000)
 Metaspace       used 74482K, capacity 78046K, committed 78080K, reserved 1116160K
  class space    used 10587K, capacity 11261K, committed 11264K, reserved 1048576K
}
Event: 59.157 GC heap before
{Heap before GC invocations=14 (full 3):
 PSYoungGen      total 379392K, used 379387K [0x00000000d5580000, 0x00000000f2300000, 0x0000000100000000)
  eden space 351232K, 99% used [0x00000000d5580000,0x00000000eac7fa38,0x00000000eac80000)
  from space 28160K, 99% used [0x00000000ede80000,0x00000000ef9ff4f0,0x00000000efa00000)
  to   space 51200K, 0% used [0x00000000eac80000,0x00000000eac80000,0x00000000ede80000)
 ParOldGen       total 219136K, used 90566K [0x0000000080000000, 0x000000008d600000, 0x00000000d5580000)
  object space 219136K, 41% used [0x0000000080000000,0x0000000085871a20,0x000000008d600000)
 Metaspace       used 84582K, capacity 88998K, committed 89088K, reserved 1126400K
  class space    used 11889K, capacity 12710K, committed 12800K, reserved 1048576K
Event: 59.261 GC heap after
Heap after GC invocations=14 (full 3):
 PSYoungGen      total 402432K, used 32379K [0x00000000d5580000, 0x00000000f4900000, 0x0000000100000000)
  eden space 351232K, 0% used [0x00000000d5580000,0x00000000d5580000,0x00000000eac80000)
  from space 51200K, 63% used [0x00000000eac80000,0x00000000ecc1ef98,0x00000000ede80000)
  to   space 52736K, 0% used [0x00000000f1580000,0x00000000f1580000,0x00000000f4900000)
 ParOldGen       total 219136K, used 110613K [0x0000000080000000, 0x000000008d600000, 0x00000000d5580000)
  object space 219136K, 50% used [0x0000000080000000,0x0000000086c056a8,0x000000008d600000)
 Metaspace       used 84582K, capacity 88998K, committed 89088K, reserved 1126400K
  class space    used 11889K, capacity 12710K, committed 12800K, reserved 1048576K
}
Event: 5791.093 GC heap before
{Heap before GC invocations=15 (full 3):
 PSYoungGen      total 402432K, used 290451K [0x00000000d5580000, 0x00000000f4900000, 0x0000000100000000)
  eden space 351232K, 73% used [0x00000000d5580000,0x00000000e5185cb8,0x00000000eac80000)
  from space 51200K, 63% used [0x00000000eac80000,0x00000000ecc1ef98,0x00000000ede80000)
  to   space 52736K, 0% used [0x00000000f1580000,0x00000000f1580000,0x00000000f4900000)
 ParOldGen       total 219136K, used 110613K [0x0000000080000000, 0x000000008d600000, 0x00000000d5580000)
  object space 219136K, 50% used [0x0000000080000000,0x0000000086c056a8,0x000000008d600000)
 Metaspace       used 93429K, capacity 98490K, committed 98560K, reserved 1134592K
  class space    used 12696K, capacity 13688K, committed 13696K, reserved 1048576K
Event: 5791.415 GC heap after
Heap after GC invocations=15 (full 3):
 PSYoungGen      total 437248K, used 29653K [0x00000000d5580000, 0x00000000f3e80000, 0x0000000100000000)
  eden space 395264K, 0% used [0x00000000d5580000,0x00000000d5580000,0x00000000ed780000)
  from space 41984K, 70% used [0x00000000f1580000,0x00000000f32755c0,0x00000000f3e80000)
  to   space 52736K, 0% used [0x00000000ed780000,0x00000000ed780000,0x00000000f0b00000)
 ParOldGen       total 219136K, used 110629K [0x0000000080000000, 0x000000008d600000, 0x00000000d5580000)
  object space 219136K, 50% used [0x0000000080000000,0x0000000086c096a8,0x000000008d600000)
 Metaspace       used 93429K, capacity 98490K, committed 98560K, reserved 1134592K
  class space    used 12696K, capacity 13688K, committed 13696K, reserved 1048576K
}
Event: 5791.415 GC heap before
{Heap before GC invocations=16 (full 4):
 PSYoungGen      total 437248K, used 29653K [0x00000000d5580000, 0x00000000f3e80000, 0x0000000100000000)
  eden space 395264K, 0% used [0x00000000d5580000,0x00000000d5580000,0x00000000ed780000)
  from space 41984K, 70% used [0x00000000f1580000,0x00000000f32755c0,0x00000000f3e80000)
  to   space 52736K, 0% used [0x00000000ed780000,0x00000000ed780000,0x00000000f0b00000)
 ParOldGen       total 219136K, used 110629K [0x0000000080000000, 0x000000008d600000, 0x00000000d5580000)
  object space 219136K, 50% used [0x0000000080000000,0x0000000086c096a8,0x000000008d600000)
 Metaspace       used 93429K, capacity 98490K, committed 98560K, reserved 1134592K
  class space    used 12696K, capacity 13688K, committed 13696K, reserved 1048576K
Event: 5791.853 GC heap after
Heap after GC invocations=16 (full 4):
 PSYoungGen      total 437248K, used 0K [0x00000000d5580000, 0x00000000f3e80000, 0x0000000100000000)
  eden space 395264K, 0% used [0x00000000d5580000,0x00000000d5580000,0x00000000ed780000)
  from space 41984K, 0% used [0x00000000f1580000,0x00000000f1580000,0x00000000f3e80000)
  to   space 52736K, 0% used [0x00000000ed780000,0x00000000ed780000,0x00000000f0b00000)
 ParOldGen       total 335360K, used 55539K [0x0000000080000000, 0x0000000094780000, 0x00000000d5580000)
  object space 335360K, 16% used [0x0000000080000000,0x000000008363cd30,0x0000000094780000)
 Metaspace       used 92473K, capacity 96632K, committed 98560K, reserved 1134592K
  class space    used 12479K, capacity 13307K, committed 13696K, reserved 1048576K
}
Event: 5799.376 GC heap before
{Heap before GC invocations=17 (full 4):
 PSYoungGen      total 437248K, used 395264K [0x00000000d5580000, 0x00000000f3e80000, 0x0000000100000000)
  eden space 395264K, 100% used [0x00000000d5580000,0x00000000ed780000,0x00000000ed780000)
  from space 41984K, 0% used [0x00000000f1580000,0x00000000f1580000,0x00000000f3e80000)
  to   space 52736K, 0% used [0x00000000ed780000,0x00000000ed780000,0x00000000f0b00000)
 ParOldGen       total 335360K, used 55539K [0x0000000080000000, 0x0000000094780000, 0x00000000d5580000)
  object space 335360K, 16% used [0x0000000080000000,0x000000008363cd30,0x0000000094780000)
 Metaspace       used 103844K, capacity 108842K, committed 109568K, reserved 1144832K
  class space    used 13996K, capacity 14949K, committed 15104K, reserved 1048576K
Event: 5799.457 GC heap after
Heap after GC invocations=17 (full 4):
 PSYoungGen      total 448000K, used 28404K [0x00000000d5580000, 0x00000000f7800000, 0x0000000100000000)
  eden space 395264K, 0% used [0x00000000d5580000,0x00000000d5580000,0x00000000ed780000)
  from space 52736K, 53% used [0x00000000ed780000,0x00000000ef33d2e8,0x00000000f0b00000)
  to   space 51712K, 0% used [0x00000000f4580000,0x00000000f4580000,0x00000000f7800000)
 ParOldGen       total 335360K, used 55547K [0x0000000080000000, 0x0000000094780000, 0x00000000d5580000)
  object space 335360K, 16% used [0x0000000080000000,0x000000008363ed30,0x0000000094780000)
 Metaspace       used 103844K, capacity 108842K, committed 109568K, reserved 1144832K
  class space    used 13996K, capacity 14949K, committed 15104K, reserved 1048576K
}

