# JRE version: Java(TM) SE Runtime Environment (8.0_121-b13) (build 1.8.0_121-b13)
# Java VM: Java HotSpot(TM) 64-Bit Server VM (25.121-b13 mixed mode windows-amd64 compressed oops)
Heap:
 PSYoungGen      total 214016K, used 7232K [0x00000000d5580000, 0x00000000e6980000, 0x0000000100000000)
  eden space 195072K, 3% used [0x00000000d5580000,0x00000000d5c90218,0x00000000e1400000)
  from space 18944K, 0% used [0x00000000e5700000,0x00000000e5700000,0x00000000e6980000)
  to   space 11264K, 0% used [0x00000000e1400000,0x00000000e1400000,0x00000000e1f00000)
 ParOldGen       total 125440K, used 42837K [0x0000000080000000, 0x0000000087a80000, 0x00000000d5580000)
  object space 125440K, 34% used [0x0000000080000000,0x00000000829d57a0,0x0000000087a80000)
 Metaspace       used 57026K, capacity 59402K, committed 59776K, reserved 1101824K
  class space    used 7990K, capacity 8477K, committed 8576K, reserved 1048576K
GC Heap History (10 events):
Event: 11.160 GC heap before
{Heap before GC invocations=9 (full 2):
 PSYoungGen      total 124928K, used 8122K [0x00000000d5580000, 0x00000000e2c00000, 0x0000000100000000)
  eden space 113152K, 0% used [0x00000000d5580000,0x00000000d5580000,0x00000000dc400000)
  from space 11776K, 68% used [0x00000000dc400000,0x00000000dcbeeae8,0x00000000dcf80000)
  to   space 11264K, 0% used [0x00000000e2100000,0x00000000e2100000,0x00000000e2c00000)
 ParOldGen       total 88064K, used 7224K [0x0000000080000000, 0x0000000085600000, 0x00000000d5580000)
  object space 88064K, 8% used [0x0000000080000000,0x000000008070e2e8,0x0000000085600000)
 Metaspace       used 34348K, capacity 35440K, committed 35496K, reserved 1079296K
  class space    used 4838K, capacity 5097K, committed 5120K, reserved 1048576K
Event: 11.244 GC heap after
Heap after GC invocations=9 (full 2):
 PSYoungGen      total 124928K, used 0K [0x00000000d5580000, 0x00000000e2c00000, 0x0000000100000000)
  eden space 113152K, 0% used [0x00000000d5580000,0x00000000d5580000,0x00000000dc400000)
  from space 11776K, 0% used [0x00000000dc400000,0x00000000dc400000,0x00000000dcf80000)
  to   space 11264K, 0% used [0x00000000e2100000,0x00000000e2100000,0x00000000e2c00000)
 ParOldGen       total 125440K, used 14506K [0x0000000080000000, 0x0000000087a80000, 0x00000000d5580000)
  object space 125440K, 11% used [0x0000000080000000,0x0000000080e2ab98,0x0000000087a80000)
 Metaspace       used 34348K, capacity 35440K, committed 35496K, reserved 1079296K
  class space    used 4838K, capacity 5097K, committed 5120K, reserved 1048576K
}
Event: 12.967 GC heap before
{Heap before GC invocations=10 (full 2):
 PSYoungGen      total 124928K, used 113152K [0x00000000d5580000, 0x00000000e2c00000, 0x0000000100000000)
  eden space 113152K, 100% used [0x00000000d5580000,0x00000000dc400000,0x00000000dc400000)
  from space 11776K, 0% used [0x00000000dc400000,0x00000000dc400000,0x00000000dcf80000)
  to   space 11264K, 0% used [0x00000000e2100000,0x00000000e2100000,0x00000000e2c00000)
 ParOldGen       total 125440K, used 14506K [0x0000000080000000, 0x0000000087a80000, 0x00000000d5580000)
  object space 125440K, 11% used [0x0000000080000000,0x0000000080e2ab98,0x0000000087a80000)
 Metaspace       used 38757K, capacity 40400K, committed 40704K, reserved 1083392K
  class space    used 5471K, capacity 5806K, committed 5888K, reserved 1048576K
Event: 12.998 GC heap after
Heap after GC invocations=10 (full 2):
 PSYoungGen      total 192000K, used 9001K [0x00000000d5580000, 0x00000000e2a00000, 0x0000000100000000)
  eden space 182784K, 0% used [0x00000000d5580000,0x00000000d5580000,0x00000000e0800000)
  from space 9216K, 97% used [0x00000000e2100000,0x00000000e29ca720,0x00000000e2a00000)
  to   space 11264K, 0% used [0x00000000e1400000,0x00000000e1400000,0x00000000e1f00000)
 ParOldGen       total 125440K, used 14514K [0x0000000080000000, 0x0000000087a80000, 0x00000000d5580000)
  object space 125440K, 11% used [0x0000000080000000,0x0000000080e2cb98,0x0000000087a80000)
 Metaspace       used 38757K, capacity 40400K, committed 40704K, reserved 1083392K
  class space    used 5471K, capacity 5806K, committed 5888K, reserved 1048576K
}
Event: 21.872 GC heap before
{Heap before GC invocations=11 (full 2):
 PSYoungGen      total 192000K, used 191785K [0x00000000d5580000, 0x00000000e2a00000, 0x0000000100000000)
  eden space 182784K, 100% used [0x00000000d5580000,0x00000000e0800000,0x00000000e0800000)
  from space 9216K, 97% used [0x00000000e2100000,0x00000000e29ca720,0x00000000e2a00000)
  to   space 11264K, 0% used [0x00000000e1400000,0x00000000e1400000,0x00000000e1f00000)
 ParOldGen       total 125440K, used 14514K [0x0000000080000000, 0x0000000087a80000, 0x00000000d5580000)
  object space 125440K, 11% used [0x0000000080000000,0x0000000080e2cb98,0x0000000087a80000)
 Metaspace       used 55349K, capacity 57616K, committed 57856K, reserved 1099776K
  class space    used 7708K, capacity 8173K, committed 8192K, reserved 1048576K
Event: 21.915 GC heap after
Heap after GC invocations=11 (full 2):
 PSYoungGen      total 206336K, used 11244K [0x00000000d5580000, 0x00000000e6980000, 0x0000000100000000)
  eden space 195072K, 0% used [0x00000000d5580000,0x00000000d5580000,0x00000000e1400000)
  from space 11264K, 99% used [0x00000000e1400000,0x00000000e1efb330,0x00000000e1f00000)
  to   space 18944K, 0% used [0x00000000e5700000,0x00000000e5700000,0x00000000e6980000)
 ParOldGen       total 125440K, used 30590K [0x0000000080000000, 0x0000000087a80000, 0x00000000d5580000)
  object space 125440K, 24% used [0x0000000080000000,0x0000000081ddf860,0x0000000087a80000)
 Metaspace       used 55349K, capacity 57616K, committed 57856K, reserved 1099776K
  class space    used 7708K, capacity 8173K, committed 8192K, reserved 1048576K
}
Event: 22.679 GC heap before
{Heap before GC invocations=12 (full 2):
 PSYoungGen      total 206336K, used 53758K [0x00000000d5580000, 0x00000000e6980000, 0x0000000100000000)
  eden space 195072K, 21% used [0x00000000d5580000,0x00000000d7f04700,0x00000000e1400000)
  from space 11264K, 99% used [0x00000000e1400000,0x00000000e1efb330,0x00000000e1f00000)
  to   space 18944K, 0% used [0x00000000e5700000,0x00000000e5700000,0x00000000e6980000)
 ParOldGen       total 125440K, used 30590K [0x0000000080000000, 0x0000000087a80000, 0x00000000d5580000)
  object space 125440K, 24% used [0x0000000080000000,0x0000000081ddf860,0x0000000087a80000)
 Metaspace       used 56803K, capacity 59074K, committed 59136K, reserved 1099776K
  class space    used 7948K, capacity 8419K, committed 8448K, reserved 1048576K
Event: 22.733 GC heap after
Heap after GC invocations=12 (full 2):
 PSYoungGen      total 214016K, used 12243K [0x00000000d5580000, 0x00000000e6980000, 0x0000000100000000)
  eden space 195072K, 0% used [0x00000000d5580000,0x00000000d5580000,0x00000000e1400000)
  from space 18944K, 64% used [0x00000000e5700000,0x00000000e62f4f40,0x00000000e6980000)
  to   space 11264K, 0% used [0x00000000e1400000,0x00000000e1400000,0x00000000e1f00000)
 ParOldGen       total 125440K, used 33563K [0x0000000080000000, 0x0000000087a80000, 0x00000000d5580000)
  object space 125440K, 26% used [0x0000000080000000,0x00000000820c6ff0,0x0000000087a80000)
 Metaspace       used 56803K, capacity 59074K, committed 59136K, reserved 1099776K
  class space    used 7948K, capacity 8419K, committed 8448K, reserved 1048576K
}
Event: 22.733 GC heap before
{Heap before GC invocations=13 (full 3):
 PSYoungGen      total 214016K, used 12243K [0x00000000d5580000, 0x00000000e6980000, 0x0000000100000000)
  eden space 195072K, 0% used [0x00000000d5580000,0x00000000d5580000,0x00000000e1400000)
  from space 18944K, 64% used [0x00000000e5700000,0x00000000e62f4f40,0x00000000e6980000)
  to   space 11264K, 0% used [0x00000000e1400000,0x00000000e1400000,0x00000000e1f00000)
 ParOldGen       total 125440K, used 33563K [0x0000000080000000, 0x0000000087a80000, 0x00000000d5580000)
  object space 125440K, 26% used [0x0000000080000000,0x00000000820c6ff0,0x0000000087a80000)
 Metaspace       used 56803K, capacity 59074K, committed 59136K, reserved 1099776K
  class space    used 7948K, capacity 8419K, committed 8448K, reserved 1048576K
Event: 23.455 GC heap after
Heap after GC invocations=13 (full 3):
 PSYoungGen      total 214016K, used 0K [0x00000000d5580000, 0x00000000e6980000, 0x0000000100000000)
  eden space 195072K, 0% used [0x00000000d5580000,0x00000000d5580000,0x00000000e1400000)
  from space 18944K, 0% used [0x00000000e5700000,0x00000000e5700000,0x00000000e6980000)
  to   space 11264K, 0% used [0x00000000e1400000,0x00000000e1400000,0x00000000e1f00000)
 ParOldGen       total 125440K, used 42837K [0x0000000080000000, 0x0000000087a80000, 0x00000000d5580000)
  object space 125440K, 34% used [0x0000000080000000,0x00000000829d57a0,0x0000000087a80000)
 Metaspace       used 56781K, capacity 59002K, committed 59136K, reserved 1099776K
  class space    used 7941K, capacity 8407K, committed 8448K, reserved 1048576K
}

