# JRE version: Java(TM) SE Runtime Environment (8.0_121-b13) (build 1.8.0_121-b13)
# Java VM: Java HotSpot(TM) 64-Bit Server VM (25.121-b13 mixed mode windows-amd64 compressed oops)
Heap:
 PSYoungGen      total 169472K, used 162170K [0x00000000d5580000, 0x00000000e2100000, 0x0000000100000000)
  eden space 161280K, 95% used [0x00000000d5580000,0x00000000dec352e8,0x00000000df300000)
  from space 8192K, 95% used [0x00000000e1900000,0x00000000e20a9528,0x00000000e2100000)
  to   space 11264K, 0% used [0x00000000e0b00000,0x00000000e0b00000,0x00000000e1600000)
 ParOldGen       total 138240K, used 14576K [0x0000000080000000, 0x0000000088700000, 0x00000000d5580000)
  object space 138240K, 10% used [0x0000000080000000,0x0000000080e3c198,0x0000000088700000)
 Metaspace       used 51339K, capacity 53390K, committed 53632K, reserved 1095680K
  class space    used 7033K, capacity 7481K, committed 7552K, reserved 1048576K
GC Heap History (10 events):
Event: 8.446 GC heap before
{Heap before GC invocations=6 (full 1):
 PSYoungGen      total 76288K, used 65536K [0x00000000d5580000, 0x00000000dea80000, 0x0000000100000000)
  eden space 65536K, 100% used [0x00000000d5580000,0x00000000d9580000,0x00000000d9580000)
  from space 10752K, 0% used [0x00000000da000000,0x00000000da000000,0x00000000daa80000)
  to   space 10752K, 0% used [0x00000000d9580000,0x00000000d9580000,0x00000000da000000)
 ParOldGen       total 91136K, used 7198K [0x0000000080000000, 0x0000000085900000, 0x00000000d5580000)
  object space 91136K, 7% used [0x0000000080000000,0x0000000080707b80,0x0000000085900000)
 Metaspace       used 28612K, capacity 29458K, committed 29696K, reserved 1075200K
  class space    used 4063K, capacity 4283K, committed 4352K, reserved 1048576K
Event: 8.455 GC heap after
Heap after GC invocations=6 (full 1):
 PSYoungGen      total 76288K, used 8195K [0x00000000d5580000, 0x00000000dda00000, 0x0000000100000000)
  eden space 65536K, 0% used [0x00000000d5580000,0x00000000d5580000,0x00000000d9580000)
  from space 10752K, 76% used [0x00000000d9580000,0x00000000d9d80de8,0x00000000da000000)
  to   space 11776K, 0% used [0x00000000dce80000,0x00000000dce80000,0x00000000dda00000)
 ParOldGen       total 91136K, used 7206K [0x0000000080000000, 0x0000000085900000, 0x00000000d5580000)
  object space 91136K, 7% used [0x0000000080000000,0x0000000080709b80,0x0000000085900000)
 Metaspace       used 28612K, capacity 29458K, committed 29696K, reserved 1075200K
  class space    used 4063K, capacity 4283K, committed 4352K, reserved 1048576K
}
Event: 9.999 GC heap before
{Heap before GC invocations=7 (full 1):
 PSYoungGen      total 76288K, used 73731K [0x00000000d5580000, 0x00000000dda00000, 0x0000000100000000)
  eden space 65536K, 100% used [0x00000000d5580000,0x00000000d9580000,0x00000000d9580000)
  from space 10752K, 76% used [0x00000000d9580000,0x00000000d9d80de8,0x00000000da000000)
  to   space 11776K, 0% used [0x00000000dce80000,0x00000000dce80000,0x00000000dda00000)
 ParOldGen       total 91136K, used 7206K [0x0000000080000000, 0x0000000085900000, 0x00000000d5580000)
  object space 91136K, 7% used [0x0000000080000000,0x0000000080709b80,0x0000000085900000)
 Metaspace       used 32826K, capacity 33880K, committed 34048K, reserved 1079296K
  class space    used 4594K, capacity 4846K, committed 4864K, reserved 1048576K
Event: 10.010 GC heap after
Heap after GC invocations=7 (full 1):
 PSYoungGen      total 119808K, used 9126K [0x00000000d5580000, 0x00000000dd800000, 0x0000000100000000)
  eden space 110080K, 0% used [0x00000000d5580000,0x00000000d5580000,0x00000000dc100000)
  from space 9728K, 93% used [0x00000000dce80000,0x00000000dd769868,0x00000000dd800000)
  to   space 11776K, 0% used [0x00000000dc100000,0x00000000dc100000,0x00000000dcc80000)
 ParOldGen       total 91136K, used 7214K [0x0000000080000000, 0x0000000085900000, 0x00000000d5580000)
  object space 91136K, 7% used [0x0000000080000000,0x000000008070bb80,0x0000000085900000)
 Metaspace       used 32826K, capacity 33880K, committed 34048K, reserved 1079296K
  class space    used 4594K, capacity 4846K, committed 4864K, reserved 1048576K
}
Event: 10.828 GC heap before
{Heap before GC invocations=8 (full 1):
 PSYoungGen      total 119808K, used 40829K [0x00000000d5580000, 0x00000000dd800000, 0x0000000100000000)
  eden space 110080K, 28% used [0x00000000d5580000,0x00000000d7475ba0,0x00000000dc100000)
  from space 9728K, 93% used [0x00000000dce80000,0x00000000dd769868,0x00000000dd800000)
  to   space 11776K, 0% used [0x00000000dc100000,0x00000000dc100000,0x00000000dcc80000)
 ParOldGen       total 91136K, used 7214K [0x0000000080000000, 0x0000000085900000, 0x00000000d5580000)
  object space 91136K, 7% used [0x0000000080000000,0x000000008070bb80,0x0000000085900000)
 Metaspace       used 34348K, capacity 35424K, committed 35496K, reserved 1079296K
  class space    used 4840K, capacity 5097K, committed 5120K, reserved 1048576K
Event: 10.849 GC heap after
Heap after GC invocations=8 (full 1):
 PSYoungGen      total 121856K, used 8119K [0x00000000d5580000, 0x00000000e2400000, 0x0000000100000000)
  eden space 110080K, 0% used [0x00000000d5580000,0x00000000d5580000,0x00000000dc100000)
  from space 11776K, 68% used [0x00000000dc100000,0x00000000dc8edfc0,0x00000000dcc80000)
  to   space 11264K, 0% used [0x00000000e1900000,0x00000000e1900000,0x00000000e2400000)
 ParOldGen       total 91136K, used 7222K [0x0000000080000000, 0x0000000085900000, 0x00000000d5580000)
  object space 91136K, 7% used [0x0000000080000000,0x000000008070db80,0x0000000085900000)
 Metaspace       used 34348K, capacity 35424K, committed 35496K, reserved 1079296K
  class space    used 4840K, capacity 5097K, committed 5120K, reserved 1048576K
}
Event: 10.849 GC heap before
{Heap before GC invocations=9 (full 2):
 PSYoungGen      total 121856K, used 8119K [0x00000000d5580000, 0x00000000e2400000, 0x0000000100000000)
  eden space 110080K, 0% used [0x00000000d5580000,0x00000000d5580000,0x00000000dc100000)
  from space 11776K, 68% used [0x00000000dc100000,0x00000000dc8edfc0,0x00000000dcc80000)
  to   space 11264K, 0% used [0x00000000e1900000,0x00000000e1900000,0x00000000e2400000)
 ParOldGen       total 91136K, used 7222K [0x0000000080000000, 0x0000000085900000, 0x00000000d5580000)
  object space 91136K, 7% used [0x0000000080000000,0x000000008070db80,0x0000000085900000)
 Metaspace       used 34348K, capacity 35424K, committed 35496K, reserved 1079296K
  class space    used 4840K, capacity 5097K, committed 5120K, reserved 1048576K
Event: 10.937 GC heap after
Heap after GC invocations=9 (full 2):
 PSYoungGen      total 121856K, used 0K [0x00000000d5580000, 0x00000000e2400000, 0x0000000100000000)
  eden space 110080K, 0% used [0x00000000d5580000,0x00000000d5580000,0x00000000dc100000)
  from space 11776K, 0% used [0x00000000dc100000,0x00000000dc100000,0x00000000dcc80000)
  to   space 11264K, 0% used [0x00000000e1900000,0x00000000e1900000,0x00000000e2400000)
 ParOldGen       total 138240K, used 14568K [0x0000000080000000, 0x0000000088700000, 0x00000000d5580000)
  object space 138240K, 10% used [0x0000000080000000,0x0000000080e3a198,0x0000000088700000)
 Metaspace       used 34348K, capacity 35424K, committed 35496K, reserved 1079296K
  class space    used 4840K, capacity 5097K, committed 5120K, reserved 1048576K
}
Event: 22.902 GC heap before
{Heap before GC invocations=10 (full 2):
 PSYoungGen      total 121856K, used 110080K [0x00000000d5580000, 0x00000000e2400000, 0x0000000100000000)
  eden space 110080K, 100% used [0x00000000d5580000,0x00000000dc100000,0x00000000dc100000)
  from space 11776K, 0% used [0x00000000dc100000,0x00000000dc100000,0x00000000dcc80000)
  to   space 11264K, 0% used [0x00000000e1900000,0x00000000e1900000,0x00000000e2400000)
 ParOldGen       total 138240K, used 14568K [0x0000000080000000, 0x0000000088700000, 0x00000000d5580000)
  object space 138240K, 10% used [0x0000000080000000,0x0000000080e3a198,0x0000000088700000)
 Metaspace       used 38161K, capacity 39820K, committed 40064K, reserved 1083392K
  class space    used 5386K, capacity 5704K, committed 5760K, reserved 1048576K
Event: 22.929 GC heap after
Heap after GC invocations=10 (full 2):
 PSYoungGen      total 169472K, used 7845K [0x00000000d5580000, 0x00000000e2100000, 0x0000000100000000)
  eden space 161280K, 0% used [0x00000000d5580000,0x00000000d5580000,0x00000000df300000)
  from space 8192K, 95% used [0x00000000e1900000,0x00000000e20a9528,0x00000000e2100000)
  to   space 11264K, 0% used [0x00000000e0b00000,0x00000000e0b00000,0x00000000e1600000)
 ParOldGen       total 138240K, used 14576K [0x0000000080000000, 0x0000000088700000, 0x00000000d5580000)
  object space 138240K, 10% used [0x0000000080000000,0x0000000080e3c198,0x0000000088700000)
 Metaspace       used 38161K, capacity 39820K, committed 40064K, reserved 1083392K
  class space    used 5386K, capacity 5704K, committed 5760K, reserved 1048576K
}

