# JRE version: Java(TM) SE Runtime Environment (8.0_121-b13) (build 1.8.0_121-b13)
# Java VM: Java HotSpot(TM) 64-Bit Server VM (25.121-b13 mixed mode windows-amd64 compressed oops)
Heap:
 PSYoungGen      total 272896K, used 37747K [0x00000000d5580000, 0x00000000e9d00000, 0x0000000100000000)
  eden space 262144K, 14% used [0x00000000d5580000,0x00000000d7a5ccd0,0x00000000e5580000)
  from space 10752K, 0% used [0x00000000e5580000,0x00000000e5580000,0x00000000e6000000)
  to   space 16384K, 0% used [0x00000000e8d00000,0x00000000e8d00000,0x00000000e9d00000)
 ParOldGen       total 173056K, used 16158K [0x0000000080000000, 0x000000008a900000, 0x00000000d5580000)
  object space 173056K, 9% used [0x0000000080000000,0x0000000080fc7960,0x000000008a900000)
 Metaspace       used 35939K, capacity 37315K, committed 37376K, reserved 1085440K
  class space    used 5068K, capacity 5361K, committed 5376K, reserved 1048576K
GC Heap History (10 events):
Event: 9.754 GC heap before
{Heap before GC invocations=3 (full 0):
 PSYoungGen      total 141824K, used 88643K [0x00000000d5580000, 0x00000000dea80000, 0x0000000100000000)
  eden space 131072K, 60% used [0x00000000d5580000,0x00000000da34b078,0x00000000dd580000)
  from space 10752K, 83% used [0x00000000de000000,0x00000000de8c5d58,0x00000000dea80000)
  to   space 10752K, 0% used [0x00000000dd580000,0x00000000dd580000,0x00000000de000000)
 ParOldGen       total 175104K, used 16K [0x0000000080000000, 0x000000008ab00000, 0x00000000d5580000)
  object space 175104K, 0% used [0x0000000080000000,0x0000000080004000,0x000000008ab00000)
 Metaspace       used 20586K, capacity 21254K, committed 21296K, reserved 1067008K
  class space    used 2950K, capacity 3171K, committed 3200K, reserved 1048576K
Event: 9.770 GC heap after
Heap after GC invocations=3 (full 0):
 PSYoungGen      total 141824K, used 10736K [0x00000000d5580000, 0x00000000e6a80000, 0x0000000100000000)
  eden space 131072K, 0% used [0x00000000d5580000,0x00000000d5580000,0x00000000dd580000)
  from space 10752K, 99% used [0x00000000dd580000,0x00000000ddffc3d0,0x00000000de000000)
  to   space 10752K, 0% used [0x00000000e6000000,0x00000000e6000000,0x00000000e6a80000)
 ParOldGen       total 175104K, used 1574K [0x0000000080000000, 0x000000008ab00000, 0x00000000d5580000)
  object space 175104K, 0% used [0x0000000080000000,0x0000000080189bf8,0x000000008ab00000)
 Metaspace       used 20586K, capacity 21254K, committed 21296K, reserved 1067008K
  class space    used 2950K, capacity 3171K, committed 3200K, reserved 1048576K
}
Event: 9.771 GC heap before
{Heap before GC invocations=4 (full 1):
 PSYoungGen      total 141824K, used 10736K [0x00000000d5580000, 0x00000000e6a80000, 0x0000000100000000)
  eden space 131072K, 0% used [0x00000000d5580000,0x00000000d5580000,0x00000000dd580000)
  from space 10752K, 99% used [0x00000000dd580000,0x00000000ddffc3d0,0x00000000de000000)
  to   space 10752K, 0% used [0x00000000e6000000,0x00000000e6000000,0x00000000e6a80000)
 ParOldGen       total 175104K, used 1574K [0x0000000080000000, 0x000000008ab00000, 0x00000000d5580000)
  object space 175104K, 0% used [0x0000000080000000,0x0000000080189bf8,0x000000008ab00000)
 Metaspace       used 20586K, capacity 21254K, committed 21296K, reserved 1067008K
  class space    used 2950K, capacity 3171K, committed 3200K, reserved 1048576K
Event: 9.915 GC heap after
Heap after GC invocations=4 (full 1):
 PSYoungGen      total 141824K, used 0K [0x00000000d5580000, 0x00000000e6a80000, 0x0000000100000000)
  eden space 131072K, 0% used [0x00000000d5580000,0x00000000d5580000,0x00000000dd580000)
  from space 10752K, 0% used [0x00000000dd580000,0x00000000dd580000,0x00000000de000000)
  to   space 10752K, 0% used [0x00000000e6000000,0x00000000e6000000,0x00000000e6a80000)
 ParOldGen       total 115200K, used 11880K [0x0000000080000000, 0x0000000087080000, 0x00000000d5580000)
  object space 115200K, 10% used [0x0000000080000000,0x0000000080b9a158,0x0000000087080000)
 Metaspace       used 20586K, capacity 21254K, committed 21296K, reserved 1067008K
  class space    used 2950K, capacity 3171K, committed 3200K, reserved 1048576K
}
Event: 12.751 GC heap before
{Heap before GC invocations=5 (full 1):
 PSYoungGen      total 141824K, used 131072K [0x00000000d5580000, 0x00000000e6a80000, 0x0000000100000000)
  eden space 131072K, 100% used [0x00000000d5580000,0x00000000dd580000,0x00000000dd580000)
  from space 10752K, 0% used [0x00000000dd580000,0x00000000dd580000,0x00000000de000000)
  to   space 10752K, 0% used [0x00000000e6000000,0x00000000e6000000,0x00000000e6a80000)
 ParOldGen       total 115200K, used 11880K [0x0000000080000000, 0x0000000087080000, 0x00000000d5580000)
  object space 115200K, 10% used [0x0000000080000000,0x0000000080b9a158,0x0000000087080000)
 Metaspace       used 32787K, capacity 33790K, committed 34048K, reserved 1079296K
  class space    used 4589K, capacity 4813K, committed 4864K, reserved 1048576K
Event: 12.787 GC heap after
Heap after GC invocations=5 (full 1):
 PSYoungGen      total 202240K, used 10736K [0x00000000d5580000, 0x00000000e6a80000, 0x0000000100000000)
  eden space 191488K, 0% used [0x00000000d5580000,0x00000000d5580000,0x00000000e1080000)
  from space 10752K, 99% used [0x00000000e6000000,0x00000000e6a7c238,0x00000000e6a80000)
  to   space 10752K, 0% used [0x00000000e5580000,0x00000000e5580000,0x00000000e6000000)
 ParOldGen       total 115200K, used 15190K [0x0000000080000000, 0x0000000087080000, 0x00000000d5580000)
  object space 115200K, 13% used [0x0000000080000000,0x0000000080ed59e0,0x0000000087080000)
 Metaspace       used 32787K, capacity 33790K, committed 34048K, reserved 1079296K
  class space    used 4589K, capacity 4813K, committed 4864K, reserved 1048576K
}
Event: 13.379 GC heap before
{Heap before GC invocations=6 (full 1):
 PSYoungGen      total 202240K, used 45302K [0x00000000d5580000, 0x00000000e6a80000, 0x0000000100000000)
  eden space 191488K, 18% used [0x00000000d5580000,0x00000000d7741810,0x00000000e1080000)
  from space 10752K, 99% used [0x00000000e6000000,0x00000000e6a7c238,0x00000000e6a80000)
  to   space 10752K, 0% used [0x00000000e5580000,0x00000000e5580000,0x00000000e6000000)
 ParOldGen       total 115200K, used 15190K [0x0000000080000000, 0x0000000087080000, 0x00000000d5580000)
  object space 115200K, 13% used [0x0000000080000000,0x0000000080ed59e0,0x0000000087080000)
 Metaspace       used 34342K, capacity 35440K, committed 35496K, reserved 1079296K
  class space    used 4840K, capacity 5097K, committed 5120K, reserved 1048576K
Event: 13.407 GC heap after
Heap after GC invocations=6 (full 1):
 PSYoungGen      total 272896K, used 8154K [0x00000000d5580000, 0x00000000e9d00000, 0x0000000100000000)
  eden space 262144K, 0% used [0x00000000d5580000,0x00000000d5580000,0x00000000e5580000)
  from space 10752K, 75% used [0x00000000e5580000,0x00000000e5d76ae8,0x00000000e6000000)
  to   space 16384K, 0% used [0x00000000e8d00000,0x00000000e8d00000,0x00000000e9d00000)
 ParOldGen       total 115200K, used 15198K [0x0000000080000000, 0x0000000087080000, 0x00000000d5580000)
  object space 115200K, 13% used [0x0000000080000000,0x0000000080ed79e0,0x0000000087080000)
 Metaspace       used 34342K, capacity 35440K, committed 35496K, reserved 1079296K
  class space    used 4840K, capacity 5097K, committed 5120K, reserved 1048576K
}
Event: 13.407 GC heap before
{Heap before GC invocations=7 (full 2):
 PSYoungGen      total 272896K, used 8154K [0x00000000d5580000, 0x00000000e9d00000, 0x0000000100000000)
  eden space 262144K, 0% used [0x00000000d5580000,0x00000000d5580000,0x00000000e5580000)
  from space 10752K, 75% used [0x00000000e5580000,0x00000000e5d76ae8,0x00000000e6000000)
  to   space 16384K, 0% used [0x00000000e8d00000,0x00000000e8d00000,0x00000000e9d00000)
 ParOldGen       total 115200K, used 15198K [0x0000000080000000, 0x0000000087080000, 0x00000000d5580000)
  object space 115200K, 13% used [0x0000000080000000,0x0000000080ed79e0,0x0000000087080000)
 Metaspace       used 34342K, capacity 35440K, committed 35496K, reserved 1079296K
  class space    used 4840K, capacity 5097K, committed 5120K, reserved 1048576K
Event: 13.503 GC heap after
Heap after GC invocations=7 (full 2):
 PSYoungGen      total 272896K, used 0K [0x00000000d5580000, 0x00000000e9d00000, 0x0000000100000000)
  eden space 262144K, 0% used [0x00000000d5580000,0x00000000d5580000,0x00000000e5580000)
  from space 10752K, 0% used [0x00000000e5580000,0x00000000e5580000,0x00000000e6000000)
  to   space 16384K, 0% used [0x00000000e8d00000,0x00000000e8d00000,0x00000000e9d00000)
 ParOldGen       total 173056K, used 16158K [0x0000000080000000, 0x000000008a900000, 0x00000000d5580000)
  object space 173056K, 9% used [0x0000000080000000,0x0000000080fc7960,0x000000008a900000)
 Metaspace       used 34342K, capacity 35440K, committed 35496K, reserved 1079296K
  class space    used 4840K, capacity 5097K, committed 5120K, reserved 1048576K
}

