# JRE version: Java(TM) SE Runtime Environment (8.0_121-b13) (build 1.8.0_121-b13)
# Java VM: Java HotSpot(TM) 64-Bit Server VM (25.121-b13 mixed mode windows-amd64 compressed oops)
Heap:
 PSYoungGen      total 123392K, used 6162K [0x00000000d5580000, 0x00000000ddb00000, 0x0000000100000000)
  eden space 110592K, 5% used [0x00000000d5580000,0x00000000d5b848a8,0x00000000dc180000)
  from space 12800K, 0% used [0x00000000dc180000,0x00000000dc180000,0x00000000dce00000)
  to   space 12800K, 0% used [0x00000000dce00000,0x00000000dce00000,0x00000000dda80000)
 ParOldGen       total 128512K, used 13987K [0x0000000080000000, 0x0000000087d80000, 0x00000000d5580000)
  object space 128512K, 10% used [0x0000000080000000,0x0000000080da8e78,0x0000000087d80000)
 Metaspace       used 34624K, capacity 35768K, committed 36008K, reserved 1081344K
  class space    used 4757K, capacity 5043K, committed 5120K, reserved 1048576K
GC Heap History (10 events):
Event: 6.952 GC heap before
{Heap before GC invocations=5 (full 1):
 PSYoungGen      total 76288K, used 7221K [0x00000000d5580000, 0x00000000daa80000, 0x0000000100000000)
  eden space 65536K, 0% used [0x00000000d5580000,0x00000000d5580000,0x00000000d9580000)
  from space 10752K, 67% used [0x00000000da000000,0x00000000da70d4f8,0x00000000daa80000)
  to   space 10752K, 0% used [0x00000000d9580000,0x00000000d9580000,0x00000000da000000)
 ParOldGen       total 175104K, used 727K [0x0000000080000000, 0x000000008ab00000, 0x00000000d5580000)
  object space 175104K, 0% used [0x0000000080000000,0x00000000800b5fa8,0x000000008ab00000)
 Metaspace       used 20487K, capacity 21206K, committed 21296K, reserved 1067008K
  class space    used 2931K, capacity 3163K, committed 3200K, reserved 1048576K
Event: 7.011 GC heap after
Heap after GC invocations=5 (full 1):
 PSYoungGen      total 76288K, used 0K [0x00000000d5580000, 0x00000000daa80000, 0x0000000100000000)
  eden space 65536K, 0% used [0x00000000d5580000,0x00000000d5580000,0x00000000d9580000)
  from space 10752K, 0% used [0x00000000da000000,0x00000000da000000,0x00000000daa80000)
  to   space 10752K, 0% used [0x00000000d9580000,0x00000000d9580000,0x00000000da000000)
 ParOldGen       total 92160K, used 7075K [0x0000000080000000, 0x0000000085a00000, 0x00000000d5580000)
  object space 92160K, 7% used [0x0000000080000000,0x00000000806e8ce0,0x0000000085a00000)
 Metaspace       used 20487K, capacity 21206K, committed 21296K, reserved 1067008K
  class space    used 2931K, capacity 3163K, committed 3200K, reserved 1048576K
}
Event: 8.795 GC heap before
{Heap before GC invocations=6 (full 1):
 PSYoungGen      total 76288K, used 65536K [0x00000000d5580000, 0x00000000daa80000, 0x0000000100000000)
  eden space 65536K, 100% used [0x00000000d5580000,0x00000000d9580000,0x00000000d9580000)
  from space 10752K, 0% used [0x00000000da000000,0x00000000da000000,0x00000000daa80000)
  to   space 10752K, 0% used [0x00000000d9580000,0x00000000d9580000,0x00000000da000000)
 ParOldGen       total 92160K, used 7075K [0x0000000080000000, 0x0000000085a00000, 0x00000000d5580000)
  object space 92160K, 7% used [0x0000000080000000,0x00000000806e8ce0,0x0000000085a00000)
 Metaspace       used 24612K, capacity 25544K, committed 25728K, reserved 1071104K
  class space    used 3616K, capacity 3864K, committed 3968K, reserved 1048576K
Event: 8.809 GC heap after
Heap after GC invocations=6 (full 1):
 PSYoungGen      total 76288K, used 5457K [0x00000000d5580000, 0x00000000dda80000, 0x0000000100000000)
  eden space 65536K, 0% used [0x00000000d5580000,0x00000000d5580000,0x00000000d9580000)
  from space 10752K, 50% used [0x00000000d9580000,0x00000000d9ad4748,0x00000000da000000)
  to   space 12800K, 0% used [0x00000000dce00000,0x00000000dce00000,0x00000000dda80000)
 ParOldGen       total 92160K, used 7083K [0x0000000080000000, 0x0000000085a00000, 0x00000000d5580000)
  object space 92160K, 7% used [0x0000000080000000,0x00000000806eace0,0x0000000085a00000)
 Metaspace       used 24612K, capacity 25544K, committed 25728K, reserved 1071104K
  class space    used 3616K, capacity 3864K, committed 3968K, reserved 1048576K
}
Event: 10.426 GC heap before
{Heap before GC invocations=7 (full 1):
 PSYoungGen      total 76288K, used 70993K [0x00000000d5580000, 0x00000000dda80000, 0x0000000100000000)
  eden space 65536K, 100% used [0x00000000d5580000,0x00000000d9580000,0x00000000d9580000)
  from space 10752K, 50% used [0x00000000d9580000,0x00000000d9ad4748,0x00000000da000000)
  to   space 12800K, 0% used [0x00000000dce00000,0x00000000dce00000,0x00000000dda80000)
 ParOldGen       total 92160K, used 7083K [0x0000000080000000, 0x0000000085a00000, 0x00000000d5580000)
  object space 92160K, 7% used [0x0000000080000000,0x00000000806eace0,0x0000000085a00000)
 Metaspace       used 32597K, capacity 33756K, committed 34048K, reserved 1079296K
  class space    used 4528K, capacity 4805K, committed 4864K, reserved 1048576K
Event: 10.459 GC heap after
Heap after GC invocations=7 (full 1):
 PSYoungGen      total 123392K, used 9360K [0x00000000d5580000, 0x00000000ddb00000, 0x0000000100000000)
  eden space 110592K, 0% used [0x00000000d5580000,0x00000000d5580000,0x00000000dc180000)
  from space 12800K, 73% used [0x00000000dce00000,0x00000000dd724290,0x00000000dda80000)
  to   space 12800K, 0% used [0x00000000dc180000,0x00000000dc180000,0x00000000dce00000)
 ParOldGen       total 92160K, used 7091K [0x0000000080000000, 0x0000000085a00000, 0x00000000d5580000)
  object space 92160K, 7% used [0x0000000080000000,0x00000000806ecce0,0x0000000085a00000)
 Metaspace       used 32597K, capacity 33756K, committed 34048K, reserved 1079296K
  class space    used 4528K, capacity 4805K, committed 4864K, reserved 1048576K
}
Event: 10.888 GC heap before
{Heap before GC invocations=8 (full 1):
 PSYoungGen      total 123392K, used 29086K [0x00000000d5580000, 0x00000000ddb00000, 0x0000000100000000)
  eden space 110592K, 17% used [0x00000000d5580000,0x00000000d68c3738,0x00000000dc180000)
  from space 12800K, 73% used [0x00000000dce00000,0x00000000dd724290,0x00000000dda80000)
  to   space 12800K, 0% used [0x00000000dc180000,0x00000000dc180000,0x00000000dce00000)
 ParOldGen       total 92160K, used 7091K [0x0000000080000000, 0x0000000085a00000, 0x00000000d5580000)
  object space 92160K, 7% used [0x0000000080000000,0x00000000806ecce0,0x0000000085a00000)
 Metaspace       used 34238K, capacity 35352K, committed 35496K, reserved 1079296K
  class space    used 4727K, capacity 5011K, committed 5120K, reserved 1048576K
Event: 10.902 GC heap after
Heap after GC invocations=8 (full 1):
 PSYoungGen      total 123392K, used 7489K [0x00000000d5580000, 0x00000000ddb00000, 0x0000000100000000)
  eden space 110592K, 0% used [0x00000000d5580000,0x00000000d5580000,0x00000000dc180000)
  from space 12800K, 58% used [0x00000000dc180000,0x00000000dc8d07f0,0x00000000dce00000)
  to   space 12800K, 0% used [0x00000000dce00000,0x00000000dce00000,0x00000000dda80000)
 ParOldGen       total 92160K, used 7099K [0x0000000080000000, 0x0000000085a00000, 0x00000000d5580000)
  object space 92160K, 7% used [0x0000000080000000,0x00000000806eece0,0x0000000085a00000)
 Metaspace       used 34238K, capacity 35352K, committed 35496K, reserved 1079296K
  class space    used 4727K, capacity 5011K, committed 5120K, reserved 1048576K
}
Event: 10.902 GC heap before
{Heap before GC invocations=9 (full 2):
 PSYoungGen      total 123392K, used 7489K [0x00000000d5580000, 0x00000000ddb00000, 0x0000000100000000)
  eden space 110592K, 0% used [0x00000000d5580000,0x00000000d5580000,0x00000000dc180000)
  from space 12800K, 58% used [0x00000000dc180000,0x00000000dc8d07f0,0x00000000dce00000)
  to   space 12800K, 0% used [0x00000000dce00000,0x00000000dce00000,0x00000000dda80000)
 ParOldGen       total 92160K, used 7099K [0x0000000080000000, 0x0000000085a00000, 0x00000000d5580000)
  object space 92160K, 7% used [0x0000000080000000,0x00000000806eece0,0x0000000085a00000)
 Metaspace       used 34238K, capacity 35352K, committed 35496K, reserved 1079296K
  class space    used 4727K, capacity 5011K, committed 5120K, reserved 1048576K
Event: 10.964 GC heap after
Heap after GC invocations=9 (full 2):
 PSYoungGen      total 123392K, used 0K [0x00000000d5580000, 0x00000000ddb00000, 0x0000000100000000)
  eden space 110592K, 0% used [0x00000000d5580000,0x00000000d5580000,0x00000000dc180000)
  from space 12800K, 0% used [0x00000000dc180000,0x00000000dc180000,0x00000000dce00000)
  to   space 12800K, 0% used [0x00000000dce00000,0x00000000dce00000,0x00000000dda80000)
 ParOldGen       total 128512K, used 13987K [0x0000000080000000, 0x0000000087d80000, 0x00000000d5580000)
  object space 128512K, 10% used [0x0000000080000000,0x0000000080da8e78,0x0000000087d80000)
 Metaspace       used 34238K, capacity 35352K, committed 35496K, reserved 1079296K
  class space    used 4727K, capacity 5011K, committed 5120K, reserved 1048576K
}

